#
# There is insufficient memory for the Java Runtime Environment to continue.
# Native memory allocation (malloc) failed to allocate 456912 bytes for Chunk::new
# Possible reasons:
#   The system is out of physical RAM or swap space
#   The process is running with CompressedOops enabled, and the Java Heap may be blocking the growth of the native heap
# Possible solutions:
#   Reduce memory load on the system
#   Increase physical memory or swap space
#   Check if swap backing store is full
#   Decrease Java heap size (-Xmx/-Xms)
#   Decrease number of Java threads
#   Decrease Java thread stack sizes (-Xss)
#   Set larger code cache with -XX:ReservedCodeCacheSize=
#   JVM is running with Unscaled Compressed Oops mode in which the Java heap is
#     placed in the first 4GB address space. The Java Heap base address is the
#     maximum limit for the native heap growth. Please use -XX:HeapBaseMinAddress
#     to set the Java Heap base and to place the Java Heap above 4GB virtual address.
# This output file may be truncated or incomplete.
#
#  Out of Memory Error (arena.cpp:184), pid=6876, tid=20376
#
# JRE version: OpenJDK Runtime Environment (20.0+36) (build 20+36-2344)
# Java VM: OpenJDK 64-Bit Server VM (20+36-2344, mixed mode, sharing, tiered, compressed oops, compressed class ptrs, g1 gc, windows-amd64)
# No core dump will be written. Minidumps are not enabled by default on client versions of Windows
#

---------------  S U M M A R Y ------------

Command Line: -javaagent:C:\Program Files\JetBrains\IntelliJ IDEA Community Edition 2023.1.1\lib\idea_rt.jar=58517:C:\Program Files\JetBrains\IntelliJ IDEA Community Edition 2023.1.1\bin -Dfile.encoding=UTF-8 -Dsun.stdout.encoding=UTF-8 -Dsun.stderr.encoding=UTF-8 development.Program

Host: Intel(R) Core(TM) i5-7200U CPU @ 2.50GHz, 4 cores, 7G,  Windows 10 , 64 bit Build 19041 (10.0.19041.3031)
Time: Sun Jun 25 12:55:15 2023 Mitteleuropäische Sommerzeit elapsed time: 104.741861 seconds (0d 0h 1m 44s)

---------------  T H R E A D  ---------------

Current thread (0x000001dc23690f00):  JavaThread "C2 CompilerThread0" daemon [_thread_in_native, id=20376, stack(0x00000003fd700000,0x00000003fd800000)]


Current CompileTask:
C2: 104741 2365       4       engine.Button::update (123 bytes)

Stack: [0x00000003fd700000,0x00000003fd800000]
Native frames: (J=compiled Java code, j=interpreted, Vv=VM code, C=native code)
V  [jvm.dll+0x6bb95a]
V  [jvm.dll+0x8483aa]
V  [jvm.dll+0x849fa5]
V  [jvm.dll+0x84a6a3]
V  [jvm.dll+0x280b0f]
V  [jvm.dll+0xc2b11]
V  [jvm.dll+0xc2e35]
V  [jvm.dll+0x3bb17c]
V  [jvm.dll+0x3857f5]
V  [jvm.dll+0x384c6a]
V  [jvm.dll+0x24b259]
V  [jvm.dll+0x24a651]
V  [jvm.dll+0x1ce491]
V  [jvm.dll+0x259e1b]
V  [jvm.dll+0x2584f0]
V  [jvm.dll+0x3f2895]
V  [jvm.dll+0x7f4906]
V  [jvm.dll+0x6ba5cb]
C  [ucrtbase.dll+0x21bb2]
C  [KERNEL32.DLL+0x17614]
C  [ntdll.dll+0x526f1]


---------------  P R O C E S S  ---------------

Threads class SMR info:
_java_thread_list=0x000001dc28de54b0, length=19, elements={
0x000001dc236826a0, 0x000001dc236830b0, 0x000001dc23683e20, 0x000001dc23686590,
0x000001dc23688af0, 0x000001dc2368d050, 0x000001dc23690f00, 0x000001dc23694da0,
0x000001dc2364ebb0, 0x000001dc27b02cf0, 0x000001dc27b03240, 0x000001dc27c6e7c0,
0x000001dc27dfd890, 0x000001dc27e18f60, 0x000001dc28043f50, 0x000001dc28044830,
0x000001dc280b4ac0, 0x000001dc280b3580, 0x000001dc280b2040
}

Java Threads: ( => current thread )
  0x000001dc236826a0 JavaThread "Reference Handler" daemon [_thread_blocked, id=19760, stack(0x00000003fd100000,0x00000003fd200000)]
  0x000001dc236830b0 JavaThread "Finalizer" daemon [_thread_blocked, id=20924, stack(0x00000003fd200000,0x00000003fd300000)]
  0x000001dc23683e20 JavaThread "Signal Dispatcher" daemon [_thread_blocked, id=10964, stack(0x00000003fd300000,0x00000003fd400000)]
  0x000001dc23686590 JavaThread "Attach Listener" daemon [_thread_blocked, id=4732, stack(0x00000003fd400000,0x00000003fd500000)]
  0x000001dc23688af0 JavaThread "Service Thread" daemon [_thread_blocked, id=16824, stack(0x00000003fd500000,0x00000003fd600000)]
  0x000001dc2368d050 JavaThread "Monitor Deflation Thread" daemon [_thread_blocked, id=20792, stack(0x00000003fd600000,0x00000003fd700000)]
=>0x000001dc23690f00 JavaThread "C2 CompilerThread0" daemon [_thread_in_native, id=20376, stack(0x00000003fd700000,0x00000003fd800000)]
  0x000001dc23694da0 JavaThread "C1 CompilerThread0" daemon [_thread_blocked, id=7372, stack(0x00000003fd800000,0x00000003fd900000)]
  0x000001dc2364ebb0 JavaThread "Common-Cleaner" daemon [_thread_blocked, id=20768, stack(0x00000003fd900000,0x00000003fda00000)]
  0x000001dc27b02cf0 JavaThread "Monitor Ctrl-Break" daemon [_thread_in_native, id=6836, stack(0x00000003fda00000,0x00000003fdb00000)]
  0x000001dc27b03240 JavaThread "Notification Thread" daemon [_thread_blocked, id=18456, stack(0x00000003fdb00000,0x00000003fdc00000)]
  0x000001dc27c6e7c0 JavaThread "MySQL Statement Cancellation Timer" daemon [_thread_blocked, id=5028, stack(0x00000003fdd00000,0x00000003fde00000)]
  0x000001dc27dfd890 JavaThread "Java2D Disposer" daemon [_thread_blocked, id=14820, stack(0x00000003fdf00000,0x00000003fe000000)]
  0x000001dc27e18f60 JavaThread "AWT-Windows" daemon [_thread_in_native, id=6360, stack(0x00000003fe100000,0x00000003fe200000)]
  0x000001dc28043f50 JavaThread "Thread-1" [_thread_blocked, id=16444, stack(0x00000003fe200000,0x00000003fe300000)]
  0x000001dc28044830 JavaThread "Thread-2" [_thread_blocked, id=15392, stack(0x00000003fe300000,0x00000003fe400000)]
  0x000001dc280b4ac0 JavaThread "AWT-Shutdown" [_thread_blocked, id=16676, stack(0x00000003fe700000,0x00000003fe800000)]
  0x000001dc280b3580 JavaThread "AWT-EventQueue-0" [_thread_blocked, id=13304, stack(0x00000003fe800000,0x00000003fe900000)]
  0x000001dc280b2040 JavaThread "DestroyJavaVM" [_thread_blocked, id=6276, stack(0x00000003fca00000,0x00000003fcb00000)]

Other Threads:
  0x000001dc23664a90 VMThread "VM Thread" [stack: 0x00000003fd000000,0x00000003fd100000] [id=4620]
  0x000001dc27b03ba0 WatcherThread "VM Periodic Task Thread" [stack: 0x00000003fdc00000,0x00000003fdd00000] [id=12928]
  0x000001dc075cbd70 WorkerThread "GC Thread#0" [stack: 0x00000003fcb00000,0x00000003fcc00000] [id=17084]
  0x000001dc27eff360 WorkerThread "GC Thread#1" [stack: 0x00000003fe400000,0x00000003fe500000] [id=20524]
  0x000001dc28067690 WorkerThread "GC Thread#2" [stack: 0x00000003fe500000,0x00000003fe600000] [id=2200]
  0x000001dc28067960 WorkerThread "GC Thread#3" [stack: 0x00000003fe600000,0x00000003fe700000] [id=7472]
  0x000001dc075dca60 ConcurrentGCThread "G1 Main Marker" [stack: 0x00000003fcc00000,0x00000003fcd00000] [id=18280]
  0x000001dc075ddc30 WorkerThread "G1 Conc#0" [stack: 0x00000003fcd00000,0x00000003fce00000] [id=18316]
  0x000001dc0763e380 ConcurrentGCThread "G1 Refine#0" [stack: 0x00000003fce00000,0x00000003fcf00000] [id=8716]
  0x000001dc0763ea30 ConcurrentGCThread "G1 Service" [stack: 0x00000003fcf00000,0x00000003fd000000] [id=11196]

Threads with active compile tasks:
C2 CompilerThread0   105004 2365       4       engine.Button::update (123 bytes)

VM state: not at safepoint (normal execution)

VM Mutex/Monitor currently owned by a thread: None

Heap address: 0x0000000081e00000, size: 2018 MB, Compressed Oops mode: 32-bit

CDS archive(s) mapped at: [0x0000000800000000-0x0000000800c60000-0x0000000800c60000), size 12976128, SharedBaseAddress: 0x0000000800000000, ArchiveRelocationMode: 0.
Compressed class space mapped at: 0x0000000801000000-0x0000000841000000, reserved size: 1073741824
Narrow klass base: 0x0000000800000000, Narrow klass shift: 0, Narrow klass range: 0x100000000

GC Precious Log:
 CardTable entry size: 512
 Card Set container configuration: InlinePtr #cards 5 size 8 Array Of Cards #cards 12 size 40 Howl #buckets 4 coarsen threshold 1843 Howl Bitmap #cards 512 size 80 coarsen threshold 460 Card regions per heap region 1 cards per card region 2048
 CPUs: 4 total, 4 available
 Memory: 8067M
 Large Page Support: Disabled
 NUMA Support: Disabled
 Compressed Oops: Enabled (32-bit)
 Heap Region Size: 1M
 Heap Min Capacity: 8M
 Heap Initial Capacity: 128M
 Heap Max Capacity: 2018M
 Pre-touch: Disabled
 Parallel Workers: 4
 Concurrent Workers: 1
 Concurrent Refinement Workers: 4
 Periodic GC: Disabled

Heap:
 garbage-first heap   total 131072K, used 40748K [0x0000000081e00000, 0x0000000100000000)
  region size 1024K, 35 young (35840K), 2 survivors (2048K)
 Metaspace       used 11303K, committed 11648K, reserved 1114112K
  class space    used 1054K, committed 1216K, reserved 1048576K

Heap Regions: E=young(eden), S=young(survivor), O=old, HS=humongous(starts), HC=humongous(continues), CS=collection set, F=free, OA=open archive, CA=closed archive, TAMS=top-at-mark-start, PB=parsable bottom
|   0|0x0000000081e00000, 0x0000000081f00000, 0x0000000081f00000|100%| O|  |TAMS 0x0000000081e00000| PB 0x0000000081e00000| Untracked 
|   1|0x0000000081f00000, 0x0000000082000000, 0x0000000082000000|100%| O|  |TAMS 0x0000000081f00000| PB 0x0000000081f00000| Untracked 
|   2|0x0000000082000000, 0x0000000082100000, 0x0000000082100000|100%| O|  |TAMS 0x0000000082000000| PB 0x0000000082000000| Untracked 
|   3|0x0000000082100000, 0x0000000082200000, 0x0000000082200000|100%| O|  |TAMS 0x0000000082100000| PB 0x0000000082100000| Untracked 
|   4|0x0000000082200000, 0x0000000082300000, 0x0000000082300000|100%|HS|  |TAMS 0x0000000082200000| PB 0x0000000082200000| Complete 
|   5|0x0000000082300000, 0x0000000082400000, 0x0000000082400000|100%|HC|  |TAMS 0x0000000082300000| PB 0x0000000082300000| Complete 
|   6|0x0000000082400000, 0x0000000082400000, 0x0000000082500000|  0%| F|  |TAMS 0x0000000082400000| PB 0x0000000082400000| Untracked 
|   7|0x0000000082500000, 0x0000000082500000, 0x0000000082600000|  0%| F|  |TAMS 0x0000000082500000| PB 0x0000000082500000| Untracked 
|   8|0x0000000082600000, 0x0000000082600000, 0x0000000082700000|  0%| F|  |TAMS 0x0000000082600000| PB 0x0000000082600000| Untracked 
|   9|0x0000000082700000, 0x0000000082700000, 0x0000000082800000|  0%| F|  |TAMS 0x0000000082700000| PB 0x0000000082700000| Untracked 
|  10|0x0000000082800000, 0x0000000082800000, 0x0000000082900000|  0%| F|  |TAMS 0x0000000082800000| PB 0x0000000082800000| Untracked 
|  11|0x0000000082900000, 0x0000000082900000, 0x0000000082a00000|  0%| F|  |TAMS 0x0000000082900000| PB 0x0000000082900000| Untracked 
|  12|0x0000000082a00000, 0x0000000082a00000, 0x0000000082b00000|  0%| F|  |TAMS 0x0000000082a00000| PB 0x0000000082a00000| Untracked 
|  13|0x0000000082b00000, 0x0000000082b00000, 0x0000000082c00000|  0%| F|  |TAMS 0x0000000082b00000| PB 0x0000000082b00000| Untracked 
|  14|0x0000000082c00000, 0x0000000082c00000, 0x0000000082d00000|  0%| F|  |TAMS 0x0000000082c00000| PB 0x0000000082c00000| Untracked 
|  15|0x0000000082d00000, 0x0000000082d00000, 0x0000000082e00000|  0%| F|  |TAMS 0x0000000082d00000| PB 0x0000000082d00000| Untracked 
|  16|0x0000000082e00000, 0x0000000082e00000, 0x0000000082f00000|  0%| F|  |TAMS 0x0000000082e00000| PB 0x0000000082e00000| Untracked 
|  17|0x0000000082f00000, 0x0000000082f00000, 0x0000000083000000|  0%| F|  |TAMS 0x0000000082f00000| PB 0x0000000082f00000| Untracked 
|  18|0x0000000083000000, 0x0000000083000000, 0x0000000083100000|  0%| F|  |TAMS 0x0000000083000000| PB 0x0000000083000000| Untracked 
|  19|0x0000000083100000, 0x0000000083100000, 0x0000000083200000|  0%| F|  |TAMS 0x0000000083100000| PB 0x0000000083100000| Untracked 
|  20|0x0000000083200000, 0x0000000083200000, 0x0000000083300000|  0%| F|  |TAMS 0x0000000083200000| PB 0x0000000083200000| Untracked 
|  21|0x0000000083300000, 0x0000000083300000, 0x0000000083400000|  0%| F|  |TAMS 0x0000000083300000| PB 0x0000000083300000| Untracked 
|  22|0x0000000083400000, 0x0000000083400000, 0x0000000083500000|  0%| F|  |TAMS 0x0000000083400000| PB 0x0000000083400000| Untracked 
|  23|0x0000000083500000, 0x0000000083500000, 0x0000000083600000|  0%| F|  |TAMS 0x0000000083500000| PB 0x0000000083500000| Untracked 
|  24|0x0000000083600000, 0x0000000083600000, 0x0000000083700000|  0%| F|  |TAMS 0x0000000083600000| PB 0x0000000083600000| Untracked 
|  25|0x0000000083700000, 0x0000000083700000, 0x0000000083800000|  0%| F|  |TAMS 0x0000000083700000| PB 0x0000000083700000| Untracked 
|  26|0x0000000083800000, 0x0000000083800000, 0x0000000083900000|  0%| F|  |TAMS 0x0000000083800000| PB 0x0000000083800000| Untracked 
|  27|0x0000000083900000, 0x0000000083900000, 0x0000000083a00000|  0%| F|  |TAMS 0x0000000083900000| PB 0x0000000083900000| Untracked 
|  28|0x0000000083a00000, 0x0000000083a00000, 0x0000000083b00000|  0%| F|  |TAMS 0x0000000083a00000| PB 0x0000000083a00000| Untracked 
|  29|0x0000000083b00000, 0x0000000083b00000, 0x0000000083c00000|  0%| F|  |TAMS 0x0000000083b00000| PB 0x0000000083b00000| Untracked 
|  30|0x0000000083c00000, 0x0000000083c00000, 0x0000000083d00000|  0%| F|  |TAMS 0x0000000083c00000| PB 0x0000000083c00000| Untracked 
|  31|0x0000000083d00000, 0x0000000083d00000, 0x0000000083e00000|  0%| F|  |TAMS 0x0000000083d00000| PB 0x0000000083d00000| Untracked 
|  32|0x0000000083e00000, 0x0000000083e00000, 0x0000000083f00000|  0%| F|  |TAMS 0x0000000083e00000| PB 0x0000000083e00000| Untracked 
|  33|0x0000000083f00000, 0x0000000083f00000, 0x0000000084000000|  0%| F|  |TAMS 0x0000000083f00000| PB 0x0000000083f00000| Untracked 
|  34|0x0000000084000000, 0x0000000084000000, 0x0000000084100000|  0%| F|  |TAMS 0x0000000084000000| PB 0x0000000084000000| Untracked 
|  35|0x0000000084100000, 0x0000000084100000, 0x0000000084200000|  0%| F|  |TAMS 0x0000000084100000| PB 0x0000000084100000| Untracked 
|  36|0x0000000084200000, 0x0000000084200000, 0x0000000084300000|  0%| F|  |TAMS 0x0000000084200000| PB 0x0000000084200000| Untracked 
|  37|0x0000000084300000, 0x0000000084300000, 0x0000000084400000|  0%| F|  |TAMS 0x0000000084300000| PB 0x0000000084300000| Untracked 
|  38|0x0000000084400000, 0x0000000084400000, 0x0000000084500000|  0%| F|  |TAMS 0x0000000084400000| PB 0x0000000084400000| Untracked 
|  39|0x0000000084500000, 0x0000000084500000, 0x0000000084600000|  0%| F|  |TAMS 0x0000000084500000| PB 0x0000000084500000| Untracked 
|  40|0x0000000084600000, 0x0000000084600000, 0x0000000084700000|  0%| F|  |TAMS 0x0000000084600000| PB 0x0000000084600000| Untracked 
|  41|0x0000000084700000, 0x0000000084700000, 0x0000000084800000|  0%| F|  |TAMS 0x0000000084700000| PB 0x0000000084700000| Untracked 
|  42|0x0000000084800000, 0x0000000084800000, 0x0000000084900000|  0%| F|  |TAMS 0x0000000084800000| PB 0x0000000084800000| Untracked 
|  43|0x0000000084900000, 0x0000000084900000, 0x0000000084a00000|  0%| F|  |TAMS 0x0000000084900000| PB 0x0000000084900000| Untracked 
|  44|0x0000000084a00000, 0x0000000084a00000, 0x0000000084b00000|  0%| F|  |TAMS 0x0000000084a00000| PB 0x0000000084a00000| Untracked 
|  45|0x0000000084b00000, 0x0000000084b00000, 0x0000000084c00000|  0%| F|  |TAMS 0x0000000084b00000| PB 0x0000000084b00000| Untracked 
|  46|0x0000000084c00000, 0x0000000084c00000, 0x0000000084d00000|  0%| F|  |TAMS 0x0000000084c00000| PB 0x0000000084c00000| Untracked 
|  47|0x0000000084d00000, 0x0000000084d00000, 0x0000000084e00000|  0%| F|  |TAMS 0x0000000084d00000| PB 0x0000000084d00000| Untracked 
|  48|0x0000000084e00000, 0x0000000084e00000, 0x0000000084f00000|  0%| F|  |TAMS 0x0000000084e00000| PB 0x0000000084e00000| Untracked 
|  49|0x0000000084f00000, 0x0000000084f00000, 0x0000000085000000|  0%| F|  |TAMS 0x0000000084f00000| PB 0x0000000084f00000| Untracked 
|  50|0x0000000085000000, 0x0000000085000000, 0x0000000085100000|  0%| F|  |TAMS 0x0000000085000000| PB 0x0000000085000000| Untracked 
|  51|0x0000000085100000, 0x0000000085100000, 0x0000000085200000|  0%| F|  |TAMS 0x0000000085100000| PB 0x0000000085100000| Untracked 
|  52|0x0000000085200000, 0x0000000085200000, 0x0000000085300000|  0%| F|  |TAMS 0x0000000085200000| PB 0x0000000085200000| Untracked 
|  53|0x0000000085300000, 0x0000000085300000, 0x0000000085400000|  0%| F|  |TAMS 0x0000000085300000| PB 0x0000000085300000| Untracked 
|  54|0x0000000085400000, 0x0000000085400000, 0x0000000085500000|  0%| F|  |TAMS 0x0000000085400000| PB 0x0000000085400000| Untracked 
|  55|0x0000000085500000, 0x0000000085500000, 0x0000000085600000|  0%| F|  |TAMS 0x0000000085500000| PB 0x0000000085500000| Untracked 
|  56|0x0000000085600000, 0x0000000085600000, 0x0000000085700000|  0%| F|  |TAMS 0x0000000085600000| PB 0x0000000085600000| Untracked 
|  57|0x0000000085700000, 0x0000000085700000, 0x0000000085800000|  0%| F|  |TAMS 0x0000000085700000| PB 0x0000000085700000| Untracked 
|  58|0x0000000085800000, 0x0000000085800000, 0x0000000085900000|  0%| F|  |TAMS 0x0000000085800000| PB 0x0000000085800000| Untracked 
|  59|0x0000000085900000, 0x0000000085900000, 0x0000000085a00000|  0%| F|  |TAMS 0x0000000085900000| PB 0x0000000085900000| Untracked 
|  60|0x0000000085a00000, 0x0000000085a00000, 0x0000000085b00000|  0%| F|  |TAMS 0x0000000085a00000| PB 0x0000000085a00000| Untracked 
|  61|0x0000000085b00000, 0x0000000085b00000, 0x0000000085c00000|  0%| F|  |TAMS 0x0000000085b00000| PB 0x0000000085b00000| Untracked 
|  62|0x0000000085c00000, 0x0000000085c00000, 0x0000000085d00000|  0%| F|  |TAMS 0x0000000085c00000| PB 0x0000000085c00000| Untracked 
|  63|0x0000000085d00000, 0x0000000085d00000, 0x0000000085e00000|  0%| F|  |TAMS 0x0000000085d00000| PB 0x0000000085d00000| Untracked 
|  64|0x0000000085e00000, 0x0000000085e00000, 0x0000000085f00000|  0%| F|  |TAMS 0x0000000085e00000| PB 0x0000000085e00000| Untracked 
|  65|0x0000000085f00000, 0x0000000085f00000, 0x0000000086000000|  0%| F|  |TAMS 0x0000000085f00000| PB 0x0000000085f00000| Untracked 
|  66|0x0000000086000000, 0x0000000086000000, 0x0000000086100000|  0%| F|  |TAMS 0x0000000086000000| PB 0x0000000086000000| Untracked 
|  67|0x0000000086100000, 0x0000000086100000, 0x0000000086200000|  0%| F|  |TAMS 0x0000000086100000| PB 0x0000000086100000| Untracked 
|  68|0x0000000086200000, 0x0000000086200000, 0x0000000086300000|  0%| F|  |TAMS 0x0000000086200000| PB 0x0000000086200000| Untracked 
|  69|0x0000000086300000, 0x0000000086300000, 0x0000000086400000|  0%| F|  |TAMS 0x0000000086300000| PB 0x0000000086300000| Untracked 
|  70|0x0000000086400000, 0x0000000086400000, 0x0000000086500000|  0%| F|  |TAMS 0x0000000086400000| PB 0x0000000086400000| Untracked 
|  71|0x0000000086500000, 0x0000000086500000, 0x0000000086600000|  0%| F|  |TAMS 0x0000000086500000| PB 0x0000000086500000| Untracked 
|  72|0x0000000086600000, 0x0000000086600000, 0x0000000086700000|  0%| F|  |TAMS 0x0000000086600000| PB 0x0000000086600000| Untracked 
|  73|0x0000000086700000, 0x0000000086700000, 0x0000000086800000|  0%| F|  |TAMS 0x0000000086700000| PB 0x0000000086700000| Untracked 
|  74|0x0000000086800000, 0x0000000086800000, 0x0000000086900000|  0%| F|  |TAMS 0x0000000086800000| PB 0x0000000086800000| Untracked 
|  75|0x0000000086900000, 0x0000000086900000, 0x0000000086a00000|  0%| F|  |TAMS 0x0000000086900000| PB 0x0000000086900000| Untracked 
|  76|0x0000000086a00000, 0x0000000086a00000, 0x0000000086b00000|  0%| F|  |TAMS 0x0000000086a00000| PB 0x0000000086a00000| Untracked 
|  77|0x0000000086b00000, 0x0000000086b00000, 0x0000000086c00000|  0%| F|  |TAMS 0x0000000086b00000| PB 0x0000000086b00000| Untracked 
|  78|0x0000000086c00000, 0x0000000086c00000, 0x0000000086d00000|  0%| F|  |TAMS 0x0000000086c00000| PB 0x0000000086c00000| Untracked 
|  79|0x0000000086d00000, 0x0000000086d00000, 0x0000000086e00000|  0%| F|  |TAMS 0x0000000086d00000| PB 0x0000000086d00000| Untracked 
|  80|0x0000000086e00000, 0x0000000086e00000, 0x0000000086f00000|  0%| F|  |TAMS 0x0000000086e00000| PB 0x0000000086e00000| Untracked 
|  81|0x0000000086f00000, 0x0000000086f00000, 0x0000000087000000|  0%| F|  |TAMS 0x0000000086f00000| PB 0x0000000086f00000| Untracked 
|  82|0x0000000087000000, 0x0000000087000000, 0x0000000087100000|  0%| F|  |TAMS 0x0000000087000000| PB 0x0000000087000000| Untracked 
|  83|0x0000000087100000, 0x0000000087100000, 0x0000000087200000|  0%| F|  |TAMS 0x0000000087100000| PB 0x0000000087100000| Untracked 
|  84|0x0000000087200000, 0x0000000087200000, 0x0000000087300000|  0%| F|  |TAMS 0x0000000087200000| PB 0x0000000087200000| Untracked 
|  85|0x0000000087300000, 0x0000000087300000, 0x0000000087400000|  0%| F|  |TAMS 0x0000000087300000| PB 0x0000000087300000| Untracked 
|  86|0x0000000087400000, 0x0000000087400000, 0x0000000087500000|  0%| F|  |TAMS 0x0000000087400000| PB 0x0000000087400000| Untracked 
|  87|0x0000000087500000, 0x0000000087500000, 0x0000000087600000|  0%| F|  |TAMS 0x0000000087500000| PB 0x0000000087500000| Untracked 
|  88|0x0000000087600000, 0x0000000087600000, 0x0000000087700000|  0%| F|  |TAMS 0x0000000087600000| PB 0x0000000087600000| Untracked 
|  89|0x0000000087700000, 0x0000000087700000, 0x0000000087800000|  0%| F|  |TAMS 0x0000000087700000| PB 0x0000000087700000| Untracked 
|  90|0x0000000087800000, 0x0000000087800000, 0x0000000087900000|  0%| F|  |TAMS 0x0000000087800000| PB 0x0000000087800000| Untracked 
|  91|0x0000000087900000, 0x0000000087900000, 0x0000000087a00000|  0%| F|  |TAMS 0x0000000087900000| PB 0x0000000087900000| Untracked 
|  92|0x0000000087a00000, 0x0000000087a00000, 0x0000000087b00000|  0%| F|  |TAMS 0x0000000087a00000| PB 0x0000000087a00000| Untracked 
|  93|0x0000000087b00000, 0x0000000087bb03d8, 0x0000000087c00000| 68%| E|  |TAMS 0x0000000087b00000| PB 0x0000000087b00000| Complete 
|  94|0x0000000087c00000, 0x0000000087d00000, 0x0000000087d00000|100%| E|CS|TAMS 0x0000000087c00000| PB 0x0000000087c00000| Complete 
|  95|0x0000000087d00000, 0x0000000087e00000, 0x0000000087e00000|100%| E|CS|TAMS 0x0000000087d00000| PB 0x0000000087d00000| Complete 
|  96|0x0000000087e00000, 0x0000000087f00000, 0x0000000087f00000|100%| E|CS|TAMS 0x0000000087e00000| PB 0x0000000087e00000| Complete 
|  97|0x0000000087f00000, 0x0000000088000000, 0x0000000088000000|100%| E|CS|TAMS 0x0000000087f00000| PB 0x0000000087f00000| Complete 
|  98|0x0000000088000000, 0x0000000088100000, 0x0000000088100000|100%| E|CS|TAMS 0x0000000088000000| PB 0x0000000088000000| Complete 
|  99|0x0000000088100000, 0x00000000881cb1f0, 0x0000000088200000| 79%| S|CS|TAMS 0x0000000088100000| PB 0x0000000088100000| Complete 
| 100|0x0000000088200000, 0x0000000088300000, 0x0000000088300000|100%| S|CS|TAMS 0x0000000088200000| PB 0x0000000088200000| Complete 
| 101|0x0000000088300000, 0x0000000088400000, 0x0000000088400000|100%| E|CS|TAMS 0x0000000088300000| PB 0x0000000088300000| Complete 
| 102|0x0000000088400000, 0x0000000088500000, 0x0000000088500000|100%| E|CS|TAMS 0x0000000088400000| PB 0x0000000088400000| Complete 
| 103|0x0000000088500000, 0x0000000088600000, 0x0000000088600000|100%| E|CS|TAMS 0x0000000088500000| PB 0x0000000088500000| Complete 
| 104|0x0000000088600000, 0x0000000088700000, 0x0000000088700000|100%| E|CS|TAMS 0x0000000088600000| PB 0x0000000088600000| Complete 
| 105|0x0000000088700000, 0x0000000088800000, 0x0000000088800000|100%| E|CS|TAMS 0x0000000088700000| PB 0x0000000088700000| Complete 
| 106|0x0000000088800000, 0x0000000088900000, 0x0000000088900000|100%| E|CS|TAMS 0x0000000088800000| PB 0x0000000088800000| Complete 
| 107|0x0000000088900000, 0x0000000088a00000, 0x0000000088a00000|100%| E|CS|TAMS 0x0000000088900000| PB 0x0000000088900000| Complete 
| 108|0x0000000088a00000, 0x0000000088b00000, 0x0000000088b00000|100%| E|CS|TAMS 0x0000000088a00000| PB 0x0000000088a00000| Complete 
| 109|0x0000000088b00000, 0x0000000088c00000, 0x0000000088c00000|100%| E|CS|TAMS 0x0000000088b00000| PB 0x0000000088b00000| Complete 
| 110|0x0000000088c00000, 0x0000000088d00000, 0x0000000088d00000|100%| E|CS|TAMS 0x0000000088c00000| PB 0x0000000088c00000| Complete 
| 111|0x0000000088d00000, 0x0000000088e00000, 0x0000000088e00000|100%| E|CS|TAMS 0x0000000088d00000| PB 0x0000000088d00000| Complete 
| 112|0x0000000088e00000, 0x0000000088f00000, 0x0000000088f00000|100%| E|CS|TAMS 0x0000000088e00000| PB 0x0000000088e00000| Complete 
| 113|0x0000000088f00000, 0x0000000089000000, 0x0000000089000000|100%| E|CS|TAMS 0x0000000088f00000| PB 0x0000000088f00000| Complete 
| 114|0x0000000089000000, 0x0000000089100000, 0x0000000089100000|100%| E|CS|TAMS 0x0000000089000000| PB 0x0000000089000000| Complete 
| 115|0x0000000089100000, 0x0000000089200000, 0x0000000089200000|100%| E|CS|TAMS 0x0000000089100000| PB 0x0000000089100000| Complete 
| 116|0x0000000089200000, 0x0000000089300000, 0x0000000089300000|100%| E|CS|TAMS 0x0000000089200000| PB 0x0000000089200000| Complete 
| 117|0x0000000089300000, 0x0000000089400000, 0x0000000089400000|100%| E|CS|TAMS 0x0000000089300000| PB 0x0000000089300000| Complete 
| 118|0x0000000089400000, 0x0000000089500000, 0x0000000089500000|100%| E|CS|TAMS 0x0000000089400000| PB 0x0000000089400000| Complete 
| 119|0x0000000089500000, 0x0000000089600000, 0x0000000089600000|100%| E|CS|TAMS 0x0000000089500000| PB 0x0000000089500000| Complete 
| 120|0x0000000089600000, 0x0000000089700000, 0x0000000089700000|100%| E|CS|TAMS 0x0000000089600000| PB 0x0000000089600000| Complete 
| 121|0x0000000089700000, 0x0000000089800000, 0x0000000089800000|100%| E|CS|TAMS 0x0000000089700000| PB 0x0000000089700000| Complete 
| 122|0x0000000089800000, 0x0000000089900000, 0x0000000089900000|100%| E|CS|TAMS 0x0000000089800000| PB 0x0000000089800000| Complete 
| 123|0x0000000089900000, 0x0000000089a00000, 0x0000000089a00000|100%| E|CS|TAMS 0x0000000089900000| PB 0x0000000089900000| Complete 
| 124|0x0000000089a00000, 0x0000000089b00000, 0x0000000089b00000|100%| E|CS|TAMS 0x0000000089a00000| PB 0x0000000089a00000| Complete 
| 125|0x0000000089b00000, 0x0000000089c00000, 0x0000000089c00000|100%| E|CS|TAMS 0x0000000089b00000| PB 0x0000000089b00000| Complete 
| 126|0x0000000089c00000, 0x0000000089d00000, 0x0000000089d00000|100%| E|CS|TAMS 0x0000000089c00000| PB 0x0000000089c00000| Complete 
| 127|0x0000000089d00000, 0x0000000089e00000, 0x0000000089e00000|100%| E|CS|TAMS 0x0000000089d00000| PB 0x0000000089d00000| Complete 

Card table byte_map: [0x000001dc1ea30000,0x000001dc1ee30000] _byte_map_base: 0x000001dc1e621000

Marking Bits: (CMBitMap*) 0x000001dc075cc3a0
 Bits: [0x000001dc1f230000, 0x000001dc211b8000)

Polling page: 0x000001dc05450000

Metaspace:

Usage:
  Non-class:     10.01 MB used.
      Class:      1.03 MB used.
       Both:     11.04 MB used.

Virtual space:
  Non-class space:       64.00 MB reserved,      10.19 MB ( 16%) committed,  1 nodes.
      Class space:        1.00 GB reserved,       1.19 MB ( <1%) committed,  1 nodes.
             Both:        1.06 GB reserved,      11.38 MB (  1%) committed. 

Chunk freelists:
   Non-Class:  1010.00 KB
       Class:  2.74 MB
        Both:  3.72 MB

MaxMetaspaceSize: unlimited
CompressedClassSpaceSize: 1.00 GB
Initial GC threshold: 21.00 MB
Current GC threshold: 21.00 MB
CDS: on
MetaspaceReclaimPolicy: balanced
 - commit_granule_bytes: 65536.
 - commit_granule_words: 8192.
 - virtual_space_node_default_size: 8388608.
 - enlarge_chunks_in_place: 1.
 - new_chunks_are_fully_committed: 0.
 - uncommit_free_chunks: 1.
 - use_allocation_guard: 0.


Internal statistics:

num_allocs_failed_limit: 0.
num_arena_births: 212.
num_arena_deaths: 0.
num_vsnodes_births: 2.
num_vsnodes_deaths: 0.
num_space_committed: 182.
num_space_uncommitted: 0.
num_chunks_returned_to_freelist: 0.
num_chunks_taken_from_freelist: 348.
num_chunk_merges: 0.
num_chunk_splits: 208.
num_chunks_enlarged: 108.
num_inconsistent_stats: 0.

CodeHeap 'non-profiled nmethods': size=120000Kb used=1391Kb max_used=1391Kb free=118608Kb
 bounds [0x000001dc17100000, 0x000001dc17370000, 0x000001dc1e630000]
CodeHeap 'profiled nmethods': size=120000Kb used=4107Kb max_used=4107Kb free=115893Kb
 bounds [0x000001dc0f630000, 0x000001dc0fa40000, 0x000001dc16b60000]
CodeHeap 'non-nmethods': size=5760Kb used=1661Kb max_used=1721Kb free=4098Kb
 bounds [0x000001dc16b60000, 0x000001dc16dd0000, 0x000001dc17100000]
 total_blobs=3024 nmethods=2364 adapters=571
 compilation: enabled
              stopped_count=0, restarted_count=0
 full_count=0

Compilation events (20 events):
Event: 100.267 Thread 0x000001dc23690f00 nmethod 2355 0x000001dc17251f10 code [0x000001dc17252080, 0x000001dc17252118]
Event: 100.267 Thread 0x000001dc23690f00 2356       4       java.awt.Color::getBlue (11 bytes)
Event: 100.268 Thread 0x000001dc23690f00 nmethod 2356 0x000001dc17252210 code [0x000001dc17252380, 0x000001dc17252410]
Event: 100.293 Thread 0x000001dc23690f00 2357       4       java.awt.image.ComponentSampleModel::getPixel (115 bytes)
Event: 100.310 Thread 0x000001dc23690f00 nmethod 2357 0x000001dc17252510 code [0x000001dc172526a0, 0x000001dc17252bc0]
Event: 100.310 Thread 0x000001dc23690f00 2358       4       java.awt.image.ComponentSampleModel::setPixel (94 bytes)
Event: 100.322 Thread 0x000001dc23690f00 nmethod 2358 0x000001dc17252e90 code [0x000001dc17253020, 0x000001dc17253428]
Event: 100.514 Thread 0x000001dc23690f00 2359       4       java.awt.image.Raster::getPixel (25 bytes)
Event: 100.538 Thread 0x000001dc23690f00 nmethod 2359 0x000001dc17253710 code [0x000001dc172538a0, 0x000001dc17253dc8]
Event: 100.538 Thread 0x000001dc23690f00 2360       4       engine.Button::getColor (20 bytes)
Event: 100.542 Thread 0x000001dc23690f00 nmethod 2360 0x000001dc17254110 code [0x000001dc17254280, 0x000001dc17254468]
Event: 100.815 Thread 0x000001dc23690f00 2361       4       java.awt.image.WritableRaster::setPixel (25 bytes)
Event: 100.833 Thread 0x000001dc23690f00 nmethod 2361 0x000001dc17254690 code [0x000001dc17254820, 0x000001dc17254c80]
Event: 101.490 Thread 0x000001dc23690f00 2362  s    4       javax.swing.RepaintManager::extendDirtyRegion (36 bytes)
Event: 101.496 Thread 0x000001dc23690f00 nmethod 2362 0x000001dc17254f90 code [0x000001dc17255120, 0x000001dc172556b0]
Event: 103.697 Thread 0x000001dc23690f00 2363   !   4       javax.swing.RepaintManager::addDirtyRegion0 (205 bytes)
Event: 103.813 Thread 0x000001dc23694da0 2364   !   3       java.awt.Frame::getExtendedState (19 bytes)
Event: 103.814 Thread 0x000001dc23694da0 nmethod 2364 0x000001dc0fa32710 code [0x000001dc0fa328a0, 0x000001dc0fa32b38]
Event: 103.907 Thread 0x000001dc23690f00 nmethod 2363 0x000001dc17255990 code [0x000001dc17255d80, 0x000001dc17259cc8]
Event: 104.650 Thread 0x000001dc23690f00 2365       4       engine.Button::update (123 bytes)

GC Heap History (6 events):
Event: 1.326 GC heap before
{Heap before GC invocations=0 (full 0):
 garbage-first heap   total 131072K, used 13312K [0x0000000081e00000, 0x0000000100000000)
  region size 1024K, 13 young (13312K), 0 survivors (0K)
 Metaspace       used 8939K, committed 9152K, reserved 1114112K
  class space    used 843K, committed 960K, reserved 1048576K
}
Event: 1.334 GC heap after
{Heap after GC invocations=1 (full 0):
 garbage-first heap   total 131072K, used 3964K [0x0000000081e00000, 0x0000000100000000)
  region size 1024K, 2 young (2048K), 2 survivors (2048K)
 Metaspace       used 8939K, committed 9152K, reserved 1114112K
  class space    used 843K, committed 960K, reserved 1048576K
}
Event: 1.973 GC heap before
{Heap before GC invocations=1 (full 0):
 garbage-first heap   total 131072K, used 16252K [0x0000000081e00000, 0x0000000100000000)
  region size 1024K, 15 young (15360K), 2 survivors (2048K)
 Metaspace       used 9226K, committed 9472K, reserved 1114112K
  class space    used 848K, committed 960K, reserved 1048576K
}
Event: 1.979 GC heap after
{Heap after GC invocations=2 (full 0):
 garbage-first heap   total 131072K, used 5650K [0x0000000081e00000, 0x0000000100000000)
  region size 1024K, 2 young (2048K), 2 survivors (2048K)
 Metaspace       used 9226K, committed 9472K, reserved 1114112K
  class space    used 848K, committed 960K, reserved 1048576K
}
Event: 40.250 GC heap before
{Heap before GC invocations=2 (full 0):
 garbage-first heap   total 131072K, used 33298K [0x0000000081e00000, 0x0000000100000000)
  region size 1024K, 27 young (27648K), 2 survivors (2048K)
 Metaspace       used 11300K, committed 11648K, reserved 1114112K
  class space    used 1054K, committed 1216K, reserved 1048576K
}
Event: 40.253 GC heap after
{Heap after GC invocations=3 (full 0):
 garbage-first heap   total 131072K, used 7980K [0x0000000081e00000, 0x0000000100000000)
  region size 1024K, 2 young (2048K), 2 survivors (2048K)
 Metaspace       used 11300K, committed 11648K, reserved 1114112K
  class space    used 1054K, committed 1216K, reserved 1048576K
}

Dll operation events (14 events):
Event: 0.013 Loaded shared library C:\Users\Simon\.jdks\openjdk-20\bin\java.dll
Event: 0.029 Loaded shared library C:\Users\Simon\.jdks\openjdk-20\bin\jsvml.dll
Event: 0.136 Loaded shared library C:\Users\Simon\.jdks\openjdk-20\bin\zip.dll
Event: 0.140 Loaded shared library C:\Users\Simon\.jdks\openjdk-20\bin\instrument.dll
Event: 0.148 Loaded shared library C:\Users\Simon\.jdks\openjdk-20\bin\net.dll
Event: 0.151 Loaded shared library C:\Users\Simon\.jdks\openjdk-20\bin\nio.dll
Event: 0.156 Loaded shared library C:\Users\Simon\.jdks\openjdk-20\bin\zip.dll
Event: 0.173 Loaded shared library C:\Program Files\JetBrains\IntelliJ IDEA Community Edition 2023.1.1\bin\breakgen64.dll
Event: 0.186 Loaded shared library C:\Users\Simon\.jdks\openjdk-20\bin\extnet.dll
Event: 0.194 Loaded shared library C:\Users\Simon\.jdks\openjdk-20\bin\jimage.dll
Event: 0.207 Loaded shared library C:\Users\Simon\.jdks\openjdk-20\bin\verify.dll
Event: 0.976 Loaded shared library C:\Users\Simon\.jdks\openjdk-20\bin\awt.dll
Event: 1.279 Loaded shared library C:\Users\Simon\.jdks\openjdk-20\bin\freetype.dll
Event: 1.280 Loaded shared library C:\Users\Simon\.jdks\openjdk-20\bin\fontmanager.dll

Deoptimization events (20 events):
Event: 9.545 Thread 0x000001dc280b3580 DEOPT PACKING pc=0x000001dc0f91eb1e sp=0x00000003fe8feab0
Event: 9.545 Thread 0x000001dc280b3580 DEOPT UNPACKING pc=0x000001dc16bca4c2 sp=0x00000003fe8fdf40 mode 0
Event: 15.450 Thread 0x000001dc28043f50 DEOPT PACKING pc=0x000001dc0f91397c sp=0x00000003fe2fee30
Event: 15.450 Thread 0x000001dc28043f50 DEOPT UNPACKING pc=0x000001dc16bca4c2 sp=0x00000003fe2fe390 mode 0
Event: 36.550 Thread 0x000001dc28043f50 Uncommon trap: trap_request=0xffffff45 fr.pc=0x000001dc171eeea0 relative=0x0000000000000b40
Event: 36.550 Thread 0x000001dc28043f50 Uncommon trap: reason=unstable_if action=reinterpret pc=0x000001dc171eeea0 method=engine.Button.update()V @ 15 c2
Event: 36.550 Thread 0x000001dc28043f50 DEOPT PACKING pc=0x000001dc171eeea0 sp=0x00000003fe2feda0
Event: 36.550 Thread 0x000001dc28043f50 DEOPT UNPACKING pc=0x000001dc16bc9d22 sp=0x00000003fe2fed68 mode 2
Event: 74.496 Thread 0x000001dc28043f50 Uncommon trap: trap_request=0xffffff45 fr.pc=0x000001dc172298a0 relative=0x0000000000000c40
Event: 74.496 Thread 0x000001dc28043f50 Uncommon trap: reason=unstable_if action=reinterpret pc=0x000001dc172298a0 method=engine.Button.update()V @ 40 c2
Event: 74.496 Thread 0x000001dc28043f50 DEOPT PACKING pc=0x000001dc172298a0 sp=0x00000003fe2feda0
Event: 74.496 Thread 0x000001dc28043f50 DEOPT UNPACKING pc=0x000001dc16bc9d22 sp=0x00000003fe2fed68 mode 2
Event: 99.954 Thread 0x000001dc28043f50 Uncommon trap: trap_request=0xffffff54 fr.pc=0x000001dc1720f080 relative=0x0000000000000200
Event: 99.954 Thread 0x000001dc28043f50 Uncommon trap: reason=speculate_null_assert action=make_not_entrant pc=0x000001dc1720f080 method=javax.swing.RepaintManager.extendDirtyRegion(Ljava/awt/Component;IIII)Z @ 17 c2
Event: 99.954 Thread 0x000001dc28043f50 DEOPT PACKING pc=0x000001dc1720f080 sp=0x00000003fe2fee00
Event: 99.954 Thread 0x000001dc28043f50 DEOPT UNPACKING pc=0x000001dc16bc9d22 sp=0x00000003fe2fed48 mode 2
Event: 99.968 Thread 0x000001dc28043f50 Uncommon trap: trap_request=0xffffff54 fr.pc=0x000001dc1720e68c relative=0x000000000000036c
Event: 99.968 Thread 0x000001dc28043f50 Uncommon trap: reason=speculate_null_assert action=make_not_entrant pc=0x000001dc1720e68c method=javax.swing.RepaintManager.extendDirtyRegion(Ljava/awt/Component;IIII)Z @ 17 c2
Event: 99.968 Thread 0x000001dc28043f50 DEOPT PACKING pc=0x000001dc1720e68c sp=0x00000003fe2fed70
Event: 99.968 Thread 0x000001dc28043f50 DEOPT UNPACKING pc=0x000001dc16bc9d22 sp=0x00000003fe2fed48 mode 2

Classes loaded (20 events):
Event: 4.315 Loading class java/awt/Cursor$CursorDisposer
Event: 4.315 Loading class java/awt/Cursor$CursorDisposer done
Event: 4.320 Loading class java/awt/Container$MouseEventTargetFilter
Event: 4.320 Loading class java/awt/Container$EventTargetFilter
Event: 4.320 Loading class java/awt/Container$EventTargetFilter done
Event: 4.320 Loading class java/awt/Container$MouseEventTargetFilter done
Event: 4.320 Loading class java/awt/LightweightDispatcher$1
Event: 4.321 Loading class java/awt/LightweightDispatcher$1 done
Event: 4.321 Loading class java/awt/event/AWTEventListenerProxy
Event: 4.321 Loading class java/awt/event/AWTEventListenerProxy done
Event: 4.321 Loading class java/awt/Toolkit$SelectiveAWTEventListener
Event: 4.321 Loading class java/awt/Toolkit$SelectiveAWTEventListener done
Event: 4.321 Loading class java/awt/Toolkit$ToolkitEventMulticaster
Event: 4.321 Loading class java/awt/Toolkit$ToolkitEventMulticaster done
Event: 4.322 Loading class java/awt/event/ContainerEvent
Event: 4.322 Loading class java/awt/event/ContainerEvent done
Event: 4.626 Loading class java/awt/LightweightDispatcher$2
Event: 4.626 Loading class java/awt/LightweightDispatcher$2 done
Event: 40.930 Loading class java/security/DomainCombiner
Event: 40.930 Loading class java/security/DomainCombiner done

Classes unloaded (0 events):
No events

Classes redefined (0 events):
No events

Internal exceptions (20 events):
Event: 0.989 Thread 0x000001dc0756ad40 Exception <a 'java/io/FileNotFoundException'{0x000000008955def8}> (0x000000008955def8) 
thrown [s\open\src\hotspot\share\prims\jni.cpp, line 519]
Event: 0.997 Thread 0x000001dc0756ad40 Exception <a 'java/io/FileNotFoundException'{0x0000000089587de0}> (0x0000000089587de0) 
thrown [s\open\src\hotspot\share\prims\jni.cpp, line 519]
Event: 1.052 Thread 0x000001dc23686590 Exception <a 'java/lang/NoSuchMethodError'{0x0000000089479410}: 'java.lang.Object java.lang.invoke.Invokers$Holder.invokeExact_MT(java.lang.Object, java.lang.Object, java.lang.Object, java.lang.Object, java.lang.Object, java.lang.Object)'> (0x0000000089479410) 
thrown [s\open\src\hotspot\share\interpreter\linkResolver.cpp, line 773]
Event: 1.134 Thread 0x000001dc0756ad40 Exception <a 'java/lang/NoSuchMethodError'{0x00000000893a2478}: 'void java.lang.invoke.DirectMethodHandle$Holder.invokeSpecial(java.lang.Object, java.lang.Object, java.lang.Object)'> (0x00000000893a2478) 
thrown [s\open\src\hotspot\share\interpreter\linkResolver.cpp, line 773]
Event: 1.147 Thread 0x000001dc0756ad40 Exception <a 'java/lang/NoSuchMethodError'{0x00000000893cc960}: 'java.lang.Object java.lang.invoke.DirectMethodHandle$Holder.newInvokeSpecial(java.lang.Object, java.lang.Object, java.lang.Object, java.lang.Object, java.lang.Object)'> (0x00000000893cc960) 
thrown [s\open\src\hotspot\share\interpreter\linkResolver.cpp, line 773]
Event: 1.160 Thread 0x000001dc0756ad40 Exception <a 'java/lang/NoSuchMethodError'{0x00000000893fc9c8}: 'java.lang.Object java.lang.invoke.DirectMethodHandle$Holder.invokeStatic(java.lang.Object, int, java.lang.Object)'> (0x00000000893fc9c8) 
thrown [s\open\src\hotspot\share\interpreter\linkResolver.cpp, line 773]
Event: 1.209 Thread 0x000001dc0756ad40 Exception <a 'java/lang/ClassNotFoundException'{0x00000000892bba20}: com/sun/swing/internal/plaf/metal/resources/spi/metalProvider> (0x00000000892bba20) 
thrown [s\open\src\hotspot\share\classfile\systemDictionary.cpp, line 305]
Event: 1.211 Thread 0x000001dc0756ad40 Exception <a 'java/lang/ClassNotFoundException'{0x00000000892c05c0}: com/sun/swing/internal/plaf/basic/resources/spi/basicProvider> (0x00000000892c05c0) 
thrown [s\open\src\hotspot\share\classfile\systemDictionary.cpp, line 305]
Event: 1.220 Thread 0x000001dc0756ad40 Implicit null exception at 0x000001dc17150320 to 0x000001dc1715039d
Event: 1.227 Thread 0x000001dc0756ad40 Exception <a 'java/lang/NoSuchMethodError'{0x00000000892dedf8}: 'int java.lang.invoke.Invokers$Holder.invokeExact_MT(java.lang.Object, java.lang.Object)'> (0x00000000892dedf8) 
thrown [s\open\src\hotspot\share\interpreter\linkResolver.cpp, line 773]
Event: 1.228 Thread 0x000001dc0756ad40 Implicit null exception at 0x000001dc1713a320 to 0x000001dc1713a58c
Event: 1.228 Thread 0x000001dc0756ad40 Implicit null exception at 0x000001dc17139820 to 0x000001dc17139a84
Event: 1.236 Thread 0x000001dc28043f50 Exception <a 'java/lang/NoSuchMethodError'{0x00000000891009e8}: 'void java.lang.invoke.DirectMethodHandle$Holder.invokeVirtual(java.lang.Object, java.lang.Object)'> (0x00000000891009e8) 
thrown [s\open\src\hotspot\share\interpreter\linkResolver.cpp, line 773]
Event: 1.238 Thread 0x000001dc28043f50 Exception <a 'java/lang/NoSuchMethodError'{0x0000000089105f80}: 'void java.lang.invoke.DirectMethodHandle$Holder.invokeStatic(java.lang.Object, java.lang.Object, java.lang.Object, java.lang.Object)'> (0x0000000089105f80) 
thrown [s\open\src\hotspot\share\interpreter\linkResolver.cpp, line 773]
Event: 1.240 Thread 0x000001dc28043f50 Exception <a 'java/lang/NoSuchMethodError'{0x000000008910e9f0}: 'void java.lang.invoke.DirectMethodHandle$Holder.invokeInterface(java.lang.Object, java.lang.Object)'> (0x000000008910e9f0) 
thrown [s\open\src\hotspot\share\interpreter\linkResolver.cpp, line 773]
Event: 2.127 Thread 0x000001dc280b4020 Exception <a 'java/lang/NoSuchMethodError'{0x000000008990e9f0}: 'java.lang.Object java.lang.invoke.DirectMethodHandle$Holder.newInvokeSpecial(java.lang.Object, java.lang.Object, java.lang.Object, int, int, int, int, int)'> (0x000000008990e9f0) 
thrown [s\open\src\hotspot\share\interpreter\linkResolver.cpp, line 773]
Event: 2.188 Thread 0x000001dc0756ad40 Exception <a 'java/lang/NoSuchMethodError'{0x000000008994bba8}: 'void java.lang.invoke.DirectMethodHandle$Holder.invokeStaticInit(java.lang.Object)'> (0x000000008994bba8) 
thrown [s\open\src\hotspot\share\interpreter\linkResolver.cpp, line 773]
Event: 2.247 Thread 0x000001dc280b3580 Exception <a 'java/lang/NoSuchMethodError'{0x0000000089993d70}: 'void java.lang.invoke.DirectMethodHandle$Holder.invokeSpecial(java.lang.Object, java.lang.Object, java.lang.Object, java.lang.Object, java.lang.Object)'> (0x0000000089993d70) 
thrown [s\open\src\hotspot\share\interpreter\linkResolver.cpp, line 773]
Event: 2.272 Thread 0x000001dc280b3580 Implicit null exception at 0x000001dc171778ed to 0x000001dc1717a91c
Event: 2.272 Thread 0x000001dc280b3580 Implicit null exception at 0x000001dc17170463 to 0x000001dc171704cc

VM Operations (20 events):
Event: 47.296 Executing VM operation: Cleanup
Event: 47.296 Executing VM operation: Cleanup done
Event: 53.343 Executing VM operation: Cleanup
Event: 53.343 Executing VM operation: Cleanup done
Event: 55.354 Executing VM operation: Cleanup
Event: 55.354 Executing VM operation: Cleanup done
Event: 56.360 Executing VM operation: Cleanup
Event: 56.360 Executing VM operation: Cleanup done
Event: 73.516 Executing VM operation: Cleanup
Event: 73.516 Executing VM operation: Cleanup done
Event: 74.527 Executing VM operation: Cleanup
Event: 74.527 Executing VM operation: Cleanup done
Event: 79.557 Executing VM operation: Cleanup
Event: 79.557 Executing VM operation: Cleanup done
Event: 84.618 Executing VM operation: Cleanup
Event: 84.618 Executing VM operation: Cleanup done
Event: 85.625 Executing VM operation: Cleanup
Event: 85.625 Executing VM operation: Cleanup done
Event: 100.740 Executing VM operation: Cleanup
Event: 100.740 Executing VM operation: Cleanup done

Events (20 events):
Event: 0.103 Thread 0x000001dc2364ebb0 Thread added: 0x000001dc2364ebb0
Event: 0.174 Thread 0x000001dc27b02cf0 Thread added: 0x000001dc27b02cf0
Event: 0.174 Thread 0x000001dc27b03240 Thread added: 0x000001dc27b03240
Event: 0.339 Thread 0x000001dc27c6e7c0 Thread added: 0x000001dc27c6e7c0
Event: 1.037 Thread 0x000001dc27db15e0 Thread added: 0x000001dc27db15e0
Event: 1.081 Thread 0x000001dc27dfd890 Thread added: 0x000001dc27dfd890
Event: 1.085 Thread 0x000001dc27dfdde0 Thread added: 0x000001dc27dfdde0
Event: 1.089 Thread 0x000001dc27e18f60 Thread added: 0x000001dc27e18f60
Event: 1.236 Thread 0x000001dc28043f50 Thread added: 0x000001dc28043f50
Event: 1.237 Thread 0x000001dc28044830 Thread added: 0x000001dc28044830
Event: 1.624 Thread 0x000001dc27db15e0 Thread exited: 0x000001dc27db15e0
Event: 1.818 Thread 0x000001dc281346a0 Thread added: 0x000001dc281346a0
Event: 2.112 Thread 0x000001dc27dfdde0 Thread exited: 0x000001dc27dfdde0
Event: 2.124 Thread 0x000001dc280b4020 Thread added: 0x000001dc280b4020
Event: 2.136 Thread 0x000001dc280b4ac0 Thread added: 0x000001dc280b4ac0
Event: 2.145 Thread 0x000001dc280b3580 Thread added: 0x000001dc280b3580
Event: 2.232 Thread 0x000001dc0756ad40 Thread exited: 0x000001dc0756ad40
Event: 2.232 Thread 0x000001dc280b2040 Thread added: 0x000001dc280b2040
Event: 2.363 Thread 0x000001dc281346a0 Thread exited: 0x000001dc281346a0
Event: 7.163 Thread 0x000001dc280b4020 Thread exited: 0x000001dc280b4020


Dynamic libraries:
0x00007ff79db40000 - 0x00007ff79db4e000 	C:\Users\Simon\.jdks\openjdk-20\bin\java.exe
0x00007ff95cb70000 - 0x00007ff95cd68000 	C:\WINDOWS\SYSTEM32\ntdll.dll
0x00007ff95c550000 - 0x00007ff95c60f000 	C:\WINDOWS\System32\KERNEL32.DLL
0x00007ff95a8d0000 - 0x00007ff95abc6000 	C:\WINDOWS\System32\KERNELBASE.dll
0x00007ff95a2e0000 - 0x00007ff95a3e0000 	C:\WINDOWS\System32\ucrtbase.dll
0x00007ff9546a0000 - 0x00007ff9546b7000 	C:\Users\Simon\.jdks\openjdk-20\bin\jli.dll
0x00007ff95ac70000 - 0x00007ff95ae0d000 	C:\WINDOWS\System32\USER32.dll
0x00007ff95a6d0000 - 0x00007ff95a6f2000 	C:\WINDOWS\System32\win32u.dll
0x00007ff95bb20000 - 0x00007ff95bb4c000 	C:\WINDOWS\System32\GDI32.dll
0x00007ff95a5b0000 - 0x00007ff95a6c5000 	C:\WINDOWS\System32\gdi32full.dll
0x00007ff95a700000 - 0x00007ff95a79d000 	C:\WINDOWS\System32\msvcp_win.dll
0x00007ff94a620000 - 0x00007ff94a8ba000 	C:\WINDOWS\WinSxS\amd64_microsoft.windows.common-controls_6595b64144ccf1df_6.0.19041.1110_none_60b5254171f9507e\COMCTL32.dll
0x00007ff951e40000 - 0x00007ff951e5b000 	C:\Users\Simon\.jdks\openjdk-20\bin\VCRUNTIME140.dll
0x00007ff95bc90000 - 0x00007ff95bd2e000 	C:\WINDOWS\System32\msvcrt.dll
0x00007ff95c7a0000 - 0x00007ff95c7d0000 	C:\WINDOWS\System32\IMM32.DLL
0x00007ff955b90000 - 0x00007ff955b9c000 	C:\Users\Simon\.jdks\openjdk-20\bin\vcruntime140_1.dll
0x00007ff92f210000 - 0x00007ff92f29e000 	C:\Users\Simon\.jdks\openjdk-20\bin\msvcp140.dll
0x00007ff8fc2d0000 - 0x00007ff8fcf67000 	C:\Users\Simon\.jdks\openjdk-20\bin\server\jvm.dll
0x00007ff95afc0000 - 0x00007ff95b06f000 	C:\WINDOWS\System32\ADVAPI32.dll
0x00007ff95abd0000 - 0x00007ff95ac6c000 	C:\WINDOWS\System32\sechost.dll
0x00007ff95bb60000 - 0x00007ff95bc86000 	C:\WINDOWS\System32\RPCRT4.dll
0x00007ff94ffb0000 - 0x00007ff94ffb9000 	C:\WINDOWS\SYSTEM32\WSOCK32.dll
0x00007ff94bfe0000 - 0x00007ff94c007000 	C:\WINDOWS\SYSTEM32\WINMM.dll
0x00007ff958980000 - 0x00007ff95898a000 	C:\WINDOWS\SYSTEM32\VERSION.dll
0x00007ff95c730000 - 0x00007ff95c79b000 	C:\WINDOWS\System32\WS2_32.dll
0x00007ff958a90000 - 0x00007ff958aa2000 	C:\WINDOWS\SYSTEM32\kernel.appcore.dll
0x00007ff952440000 - 0x00007ff95244a000 	C:\Users\Simon\.jdks\openjdk-20\bin\jimage.dll
0x00007ff9452b0000 - 0x00007ff945494000 	C:\WINDOWS\SYSTEM32\DBGHELP.DLL
0x00007ff947ae0000 - 0x00007ff947b14000 	C:\WINDOWS\SYSTEM32\dbgcore.DLL
0x00007ff95a250000 - 0x00007ff95a2d2000 	C:\WINDOWS\System32\bcryptPrimitives.dll
0x00007ff94fdd0000 - 0x00007ff94fdde000 	C:\Users\Simon\.jdks\openjdk-20\bin\instrument.dll
0x00007ff94aa80000 - 0x00007ff94aaa6000 	C:\Users\Simon\.jdks\openjdk-20\bin\java.dll
0x00007ff914100000 - 0x00007ff9141d7000 	C:\Users\Simon\.jdks\openjdk-20\bin\jsvml.dll
0x00007ff95b340000 - 0x00007ff95ba84000 	C:\WINDOWS\System32\SHELL32.dll
0x00007ff9581e0000 - 0x00007ff958973000 	C:\WINDOWS\SYSTEM32\windows.storage.dll
0x00007ff95c7d0000 - 0x00007ff95cb24000 	C:\WINDOWS\System32\combase.dll
0x00007ff959ca0000 - 0x00007ff959cce000 	C:\WINDOWS\SYSTEM32\Wldp.dll
0x00007ff95c4a0000 - 0x00007ff95c54d000 	C:\WINDOWS\System32\SHCORE.dll
0x00007ff95be80000 - 0x00007ff95bed5000 	C:\WINDOWS\System32\shlwapi.dll
0x00007ff95a190000 - 0x00007ff95a1af000 	C:\WINDOWS\SYSTEM32\profapi.dll
0x00007ff94c0b0000 - 0x00007ff94c0c8000 	C:\Users\Simon\.jdks\openjdk-20\bin\zip.dll
0x00007ff948cb0000 - 0x00007ff948cc3000 	C:\Users\Simon\.jdks\openjdk-20\bin\net.dll
0x00007ff94d8c0000 - 0x00007ff94d9ca000 	C:\WINDOWS\SYSTEM32\WINHTTP.dll
0x00007ff959a00000 - 0x00007ff959a6a000 	C:\WINDOWS\system32\mswsock.dll
0x00007ff947fa0000 - 0x00007ff947fb6000 	C:\Users\Simon\.jdks\openjdk-20\bin\nio.dll
0x00007ff947f80000 - 0x00007ff947f9a000 	C:\Program Files\JetBrains\IntelliJ IDEA Community Edition 2023.1.1\bin\breakgen64.dll
0x00007ff94fdc0000 - 0x00007ff94fdc7000 	C:\Users\Simon\.jdks\openjdk-20\bin\extnet.dll
0x00007ff94dd50000 - 0x00007ff94dd60000 	C:\Users\Simon\.jdks\openjdk-20\bin\verify.dll
0x00007ff9596f0000 - 0x00007ff9597ba000 	C:\WINDOWS\SYSTEM32\DNSAPI.dll
0x00007ff9596a0000 - 0x00007ff9596dc000 	C:\WINDOWS\SYSTEM32\IPHLPAPI.DLL
0x00007ff95b280000 - 0x00007ff95b288000 	C:\WINDOWS\System32\NSI.dll
0x0000000073e70000 - 0x0000000073e96000 	C:\Program Files\Bonjour\mdnsNSP.dll
0x00007ff951b20000 - 0x00007ff951b2a000 	C:\Windows\System32\rasadhlp.dll
0x00007ff949890000 - 0x00007ff949912000 	C:\WINDOWS\System32\fwpuclnt.dll
0x00007ff95a7a0000 - 0x00007ff95a7c7000 	C:\WINDOWS\System32\bcrypt.dll
0x00007ff910890000 - 0x00007ff910a20000 	C:\Users\Simon\.jdks\openjdk-20\bin\awt.dll
0x00007ff95c350000 - 0x00007ff95c41d000 	C:\WINDOWS\System32\OLEAUT32.dll
0x00007ff9578a0000 - 0x00007ff957931000 	C:\WINDOWS\SYSTEM32\apphelp.dll
0x00007ff957d80000 - 0x00007ff957daf000 	C:\WINDOWS\system32\DWMAPI.DLL
0x00007ff9579a0000 - 0x00007ff957a3e000 	C:\WINDOWS\system32\uxtheme.dll
0x00007ff941260000 - 0x00007ff941385000 	C:\WINDOWS\system32\opengl32.dll
0x00007ff950190000 - 0x00007ff9501bc000 	C:\WINDOWS\SYSTEM32\GLU32.dll
0x00007ff95c610000 - 0x00007ff95c724000 	C:\WINDOWS\System32\MSCTF.dll
0x00007ff95b070000 - 0x00007ff95b19a000 	C:\WINDOWS\System32\ole32.dll
0x00007ff92f180000 - 0x00007ff92f206000 	C:\Users\Simon\.jdks\openjdk-20\bin\freetype.dll
0x00007ff91b560000 - 0x00007ff91b626000 	C:\Users\Simon\.jdks\openjdk-20\bin\fontmanager.dll
0x00007ff951f50000 - 0x00007ff952049000 	C:\WINDOWS\SYSTEM32\textinputframework.dll
0x00007ff957670000 - 0x00007ff957762000 	C:\WINDOWS\System32\CoreMessaging.dll
0x00007ff957310000 - 0x00007ff95766e000 	C:\WINDOWS\System32\CoreUIComponents.dll
0x00007ff956680000 - 0x00007ff9567d4000 	C:\WINDOWS\SYSTEM32\wintypes.dll
0x00007ff9593f0000 - 0x00007ff959423000 	C:\WINDOWS\SYSTEM32\ntmarta.dll

dbghelp: loaded successfully - version: 4.0.5 - missing functions: none
symbol engine: initialized successfully - sym options: 0x614 - pdb path: .;C:\Users\Simon\.jdks\openjdk-20\bin;C:\WINDOWS\SYSTEM32;C:\WINDOWS\WinSxS\amd64_microsoft.windows.common-controls_6595b64144ccf1df_6.0.19041.1110_none_60b5254171f9507e;C:\Users\Simon\.jdks\openjdk-20\bin\server;C:\Program Files\JetBrains\IntelliJ IDEA Community Edition 2023.1.1\bin;C:\Program Files\Bonjour

VM Arguments:
jvm_args: -javaagent:C:\Program Files\JetBrains\IntelliJ IDEA Community Edition 2023.1.1\lib\idea_rt.jar=58517:C:\Program Files\JetBrains\IntelliJ IDEA Community Edition 2023.1.1\bin -Dfile.encoding=UTF-8 -Dsun.stdout.encoding=UTF-8 -Dsun.stderr.encoding=UTF-8 
java_command: development.Program
java_class_path (initial): C:\Users\Simon\Documents\applications\java\die-legende-von-mualuenie\out\production\die-legende-von-mualuenie;C:\Users\Simon\Downloads\mysql-connector.jar
Launcher Type: SUN_STANDARD

[Global flags]
     intx CICompilerCount                          = 3                                         {product} {ergonomic}
     uint ConcGCThreads                            = 1                                         {product} {ergonomic}
     uint G1ConcRefinementThreads                  = 4                                         {product} {ergonomic}
   size_t G1HeapRegionSize                         = 1048576                                   {product} {ergonomic}
    uintx GCDrainStackTargetSize                   = 64                                        {product} {ergonomic}
   size_t InitialHeapSize                          = 134217728                                 {product} {ergonomic}
   size_t MarkStackSize                            = 4194304                                   {product} {ergonomic}
   size_t MaxHeapSize                              = 2116026368                                {product} {ergonomic}
   size_t MaxNewSize                               = 1268776960                                {product} {ergonomic}
   size_t MinHeapDeltaBytes                        = 1048576                                   {product} {ergonomic}
   size_t MinHeapSize                              = 8388608                                   {product} {ergonomic}
    uintx NonNMethodCodeHeapSize                   = 5832780                                {pd product} {ergonomic}
    uintx NonProfiledCodeHeapSize                  = 122912730                              {pd product} {ergonomic}
    uintx ProfiledCodeHeapSize                     = 122912730                              {pd product} {ergonomic}
    uintx ReservedCodeCacheSize                    = 251658240                              {pd product} {ergonomic}
     bool SegmentedCodeCache                       = true                                      {product} {ergonomic}
   size_t SoftMaxHeapSize                          = 2116026368                             {manageable} {ergonomic}
     bool UseCompressedClassPointers               = true                           {product lp64_product} {ergonomic}
     bool UseCompressedOops                        = true                           {product lp64_product} {ergonomic}
     bool UseG1GC                                  = true                                      {product} {ergonomic}
     bool UseLargePagesIndividualAllocation        = false                                  {pd product} {ergonomic}

Logging:
Log output configuration:
 #0: stdout all=warning uptime,level,tags foldmultilines=false
 #1: stderr all=off uptime,level,tags foldmultilines=false

Environment Variables:
PATH=C:\Program Files\Common Files\Oracle\Java\javapath;C:\Program Files\AdoptOpenJDK\jdk-11.0.11.9-hotspot\bin;C:\Program Files (x86)\Common Files\Oracle\Java\javapath;C:\Program Files (x86)\Intel\iCLS Client\;C:\Program Files\Intel\iCLS Client\;C:\Windows\system32;C:\Windows;C:\Windows\System32\Wbem;C:\Windows\System32\WindowsPowerShell\v1.0\;C:\Program Files (x86)\Intel\Intel(R) Management Engine Components\DAL;C:\Program Files\Intel\Intel(R) Management Engine Components\DAL;C:\Program Files (x86)\Intel\Intel(R) Management Engine Components\IPT;C:\Program Files\Intel\Intel(R) Management Engine Components\IPT;C:\Program Files (x86)\NVIDIA Corporation\PhysX\Common;C:\WINDOWS\system32;C:\WINDOWS;C:\WINDOWS\System32\Wbem;C:\WINDOWS\System32\WindowsPowerShell\v1.0\;C:\WINDOWS\System32\OpenSSH\;C:\Program Files (x86)\Windows Live\Shared;C:\Program Files (x86)\GtkSharp\2.12\bin;C:\Program Files (x86)\IVI Foundation\VISA\WinNT\Bin;C:\Program Files\dotnet\;C:\Program Files (x86)\dotnet\;C:\Program Files\Microsoft SQL Server\130\Tools\Binn\;C:\Program Files\Git\cmd;C:\Program Files\Microsoft SQL Server\150\Tools\Binn\;C:\Program Files\WorldPainter;C:\Program Files\nodejs\;C:\Program Files\MySQL\MySQL Shell 8.0\bin\;C:\Users\Simon\AppData\Local\Microsoft\WindowsApps;C:\Users\Simon\AppData\Local\Programs\Microsoft VS Code\bin;C:\Users\Simon\.dotnet\tools;C:\Users\Simon\Documents\flutter\bin;C:\Users\Simon\AppData\Roaming\npm;C:\Users\Simon\AppData\Local\GitHubDesktop\bin
USERNAME=Simon
OS=Windows_NT
PROCESSOR_IDENTIFIER=Intel64 Family 6 Model 142 Stepping 9, GenuineIntel
TMP=C:\Users\Simon\AppData\Local\Temp
TEMP=C:\Users\Simon\AppData\Local\Temp




---------------  S Y S T E M  ---------------

OS:
 Windows 10 , 64 bit Build 19041 (10.0.19041.3031)
OS uptime: 3 days 16:19 hours

CPU: total 4 (initial active 4) (2 cores per cpu, 2 threads per core) family 6 model 142 stepping 9 microcode 0xb4, cx8, cmov, fxsr, ht, mmx, 3dnowpref, sse, sse2, sse3, ssse3, sse4.1, sse4.2, popcnt, lzcnt, tsc, tscinvbit, avx, avx2, aes, erms, clmul, bmi1, bmi2, adx, fma, vzeroupper, clflush, clflushopt, rdtscp, f16c

Memory: 4k page, system-wide physical 8067M (439M free)
TotalPageFile size 13092M (AvailPageFile size 8M)
current process WorkingSet (physical memory assigned to process): 110M, peak: 127M
current process commit charge ("private bytes"): 228M, peak: 251M

vm_info: OpenJDK 64-Bit Server VM (20+36-2344) for windows-amd64 JRE (20+36-2344), built on 2023-02-10T19:30:15Z by "mach5one" with MS VC++ 17.1 (VS2022)

END.
