#
# There is insufficient memory for the Java Runtime Environment to continue.
# Native memory allocation (mmap) failed to map 65536 bytes for Failed to commit metaspace.
# Possible reasons:
#   The system is out of physical RAM or swap space
#   The process is running with CompressedOops enabled, and the Java Heap may be blocking the growth of the native heap
# Possible solutions:
#   Reduce memory load on the system
#   Increase physical memory or swap space
#   Check if swap backing store is full
#   Decrease Java heap size (-Xmx/-Xms)
#   Decrease number of Java threads
#   Decrease Java thread stack sizes (-Xss)
#   Set larger code cache with -XX:ReservedCodeCacheSize=
#   JVM is running with Unscaled Compressed Oops mode in which the Java heap is
#     placed in the first 4GB address space. The Java Heap base address is the
#     maximum limit for the native heap growth. Please use -XX:HeapBaseMinAddress
#     to set the Java Heap base and to place the Java Heap above 4GB virtual address.
# This output file may be truncated or incomplete.
#
#  Out of Memory Error (virtualSpaceNode.cpp:110), pid=14112, tid=7592
#
# JRE version: OpenJDK Runtime Environment JBR-17.0.6+10-829.5-jcef (17.0.6+10) (build 17.0.6+10-b829.5)
# Java VM: OpenJDK 64-Bit Server VM JBR-17.0.6+10-829.5-jcef (17.0.6+10-b829.5, mixed mode, tiered, compressed oops, compressed class ptrs, g1 gc, windows-amd64)
# No core dump will be written. Minidumps are not enabled by default on client versions of Windows
#

---------------  S U M M A R Y ------------

Command Line: git4idea.http.GitAskPassApp Username for 'https://github.com': 

Host: Intel(R) Pentium(R) CPU 4425Y @ 1.70GHz, 4 cores, 3G,  Windows 11 , 64 bit Build 22621 (10.0.22621.1344)
Time: Thu May 25 10:30:50 2023 W. Europe Daylight Time elapsed time: 1.682091 seconds (0d 0h 0m 1s)

---------------  T H R E A D  ---------------

Current thread (0x000002a6e52ad7f0):  JavaThread "main" [_thread_in_vm, id=7592, stack(0x000000bda0f00000,0x000000bda1000000)]

Stack: [0x000000bda0f00000,0x000000bda1000000]
Native frames: (J=compiled Java code, j=interpreted, Vv=VM code, C=native code)
V  [jvm.dll+0x683b4a]
V  [jvm.dll+0x842654]
V  [jvm.dll+0x843dfe]
V  [jvm.dll+0x844463]
V  [jvm.dll+0x249b75]
V  [jvm.dll+0x83e6ab]
V  [jvm.dll+0x627fa6]
V  [jvm.dll+0x62800a]
V  [jvm.dll+0x62a81a]
V  [jvm.dll+0x628946]
V  [jvm.dll+0x1e3b93]
V  [jvm.dll+0x1eb716]
V  [jvm.dll+0x1ee839]
V  [jvm.dll+0x1e3dcc]
V  [jvm.dll+0x547f8d]
V  [jvm.dll+0x1f46eb]
V  [jvm.dll+0x7bc67b]
V  [jvm.dll+0x7bdac2]
V  [jvm.dll+0x7be259]
V  [jvm.dll+0x1eecf4]
V  [jvm.dll+0x1e3de5]
V  [jvm.dll+0x547f8d]
V  [jvm.dll+0x1f46eb]
V  [jvm.dll+0x7bc67b]
V  [jvm.dll+0x7bdac2]
V  [jvm.dll+0x7bddf8]
V  [jvm.dll+0x24190e]
V  [jvm.dll+0x38437e]
C  0x000002a6eff5b1c2

Java frames: (J=compiled Java code, j=interpreted, Vv=VM code)
j  java.lang.invoke.BoundMethodHandle.<clinit>()V+16 java.base@17.0.6
v  ~StubRoutines::call_stub
j  jdk.internal.misc.Unsafe.ensureClassInitialized0(Ljava/lang/Class;)V+0 java.base@17.0.6
j  jdk.internal.misc.Unsafe.ensureClassInitialized(Ljava/lang/Class;)V+14 java.base@17.0.6
j  java.lang.invoke.LambdaForm.createFormsFor(Ljava/lang/invoke/LambdaForm$BasicType;)V+6 java.base@17.0.6
j  java.lang.invoke.LambdaForm.identityForm(Ljava/lang/invoke/LambdaForm$BasicType;)Ljava/lang/invoke/LambdaForm;+18 java.base@17.0.6
j  java.lang.invoke.MethodHandles.makeIdentity(Ljava/lang/Class;)Ljava/lang/invoke/MethodHandle;+10 java.base@17.0.6
j  java.lang.invoke.MethodHandles.identity(Ljava/lang/Class;)Ljava/lang/invoke/MethodHandle;+41 java.base@17.0.6
j  java.lang.invoke.MethodHandles.constant(Ljava/lang/Class;Ljava/lang/Object;)Ljava/lang/invoke/MethodHandle;+80 java.base@17.0.6
j  java.lang.invoke.InnerClassLambdaMetafactory.buildCallSite()Ljava/lang/invoke/CallSite;+140 java.base@17.0.6
j  java.lang.invoke.LambdaMetafactory.metafactory(Ljava/lang/invoke/MethodHandles$Lookup;Ljava/lang/String;Ljava/lang/invoke/MethodType;Ljava/lang/invoke/MethodType;Ljava/lang/invoke/MethodHandle;Ljava/lang/invoke/MethodType;)Ljava/lang/invoke/CallSite;+67 java.base@17.0.6
j  java.lang.invoke.DirectMethodHandle$Holder.invokeStatic(Ljava/lang/Object;Ljava/lang/Object;Ljava/lang/Object;Ljava/lang/Object;Ljava/lang/Object;Ljava/lang/Object;Ljava/lang/Object;)Ljava/lang/Object;+20 java.base@17.0.6
j  java.lang.invoke.Invokers$Holder.invokeExact_MT(Ljava/lang/Object;Ljava/lang/Object;Ljava/lang/Object;Ljava/lang/Object;Ljava/lang/Object;Ljava/lang/Object;Ljava/lang/Object;Ljava/lang/Object;)Ljava/lang/Object;+28 java.base@17.0.6
j  java.lang.invoke.BootstrapMethodInvoker.invoke(Ljava/lang/Class;Ljava/lang/invoke/MethodHandle;Ljava/lang/String;Ljava/lang/Object;Ljava/lang/Object;Ljava/lang/Class;)Ljava/lang/Object;+319 java.base@17.0.6
j  java.lang.invoke.CallSite.makeSite(Ljava/lang/invoke/MethodHandle;Ljava/lang/String;Ljava/lang/invoke/MethodType;Ljava/lang/Object;Ljava/lang/Class;)Ljava/lang/invoke/CallSite;+8 java.base@17.0.6
j  java.lang.invoke.MethodHandleNatives.linkCallSiteImpl(Ljava/lang/Class;Ljava/lang/invoke/MethodHandle;Ljava/lang/String;Ljava/lang/invoke/MethodType;Ljava/lang/Object;[Ljava/lang/Object;)Ljava/lang/invoke/MemberName;+6 java.base@17.0.6
j  java.lang.invoke.MethodHandleNatives.linkCallSite(Ljava/lang/Object;ILjava/lang/Object;Ljava/lang/Object;Ljava/lang/Object;Ljava/lang/Object;[Ljava/lang/Object;)Ljava/lang/invoke/MemberName;+46 java.base@17.0.6
v  ~StubRoutines::call_stub
j  java.util.regex.Pattern.DOT()Ljava/util/regex/Pattern$CharPredicate;+0 java.base@17.0.6
j  java.util.regex.Pattern.sequence(Ljava/util/regex/Pattern$Node;)Ljava/util/regex/Pattern$Node;+516 java.base@17.0.6
j  java.util.regex.Pattern.expr(Ljava/util/regex/Pattern$Node;)Ljava/util/regex/Pattern$Node;+12 java.base@17.0.6
j  java.util.regex.Pattern.compile()V+222 java.base@17.0.6
j  java.util.regex.Pattern.<init>(Ljava/lang/String;I)V+108 java.base@17.0.6
j  java.util.regex.Pattern.compile(Ljava/lang/String;I)Ljava/util/regex/Pattern;+6 java.base@17.0.6
j  sun.security.util.DisabledAlgorithmConstraints.<clinit>()V+13 java.base@17.0.6
v  ~StubRoutines::call_stub
j  sun.security.ssl.SSLAlgorithmConstraints.<clinit>()V+0 java.base@17.0.6
v  ~StubRoutines::call_stub
j  sun.security.ssl.ProtocolVersion.<init>(Ljava/lang/String;IILjava/lang/String;Z)V+47 java.base@17.0.6
j  sun.security.ssl.ProtocolVersion.<clinit>()V+13 java.base@17.0.6
v  ~StubRoutines::call_stub
j  sun.security.ssl.SSLContextImpl$AbstractTLSContext.<clinit>()V+7 java.base@17.0.6
v  ~StubRoutines::call_stub
j  java.lang.Class.forName0(Ljava/lang/String;ZLjava/lang/ClassLoader;Ljava/lang/Class;)Ljava/lang/Class;+0 java.base@17.0.6
j  java.lang.Class.forName(Ljava/lang/String;)Ljava/lang/Class;+11 java.base@17.0.6
j  java.security.Provider$Service.getImplClass()Ljava/lang/Class;+64 java.base@17.0.6
j  java.security.Provider$Service.getDefaultConstructor()Ljava/lang/reflect/Constructor;+46 java.base@17.0.6
j  java.security.Provider$Service.newInstanceOf()Ljava/lang/Object;+1 java.base@17.0.6
j  java.security.Provider$Service.newInstanceUtil(Ljava/lang/Class;Ljava/lang/Object;)Ljava/lang/Object;+5 java.base@17.0.6
j  java.security.Provider$Service.newInstance(Ljava/lang/Object;)Ljava/lang/Object;+227 java.base@17.0.6
j  sun.security.jca.GetInstance.getInstance(Ljava/security/Provider$Service;Ljava/lang/Class;)Lsun/security/jca/GetInstance$Instance;+2 java.base@17.0.6
j  sun.security.jca.GetInstance.getInstance(Ljava/lang/String;Ljava/lang/Class;Ljava/lang/String;)Lsun/security/jca/GetInstance$Instance;+56 java.base@17.0.6
j  javax.net.ssl.SSLContext.getInstance(Ljava/lang/String;)Ljavax/net/ssl/SSLContext;+12 java.base@17.0.6
j  externalApp.ExternalAppUtil.sendIdeRequest(Ljava/lang/String;ILjava/lang/String;Ljava/lang/String;)LexternalApp/ExternalAppUtil$Result;+34
j  git4idea.http.GitAskPassApp.main([Ljava/lang/String;)V+37
v  ~StubRoutines::call_stub

---------------  P R O C E S S  ---------------

Threads class SMR info:
_java_thread_list=0x000002a6fd14ce00, length=12, elements={
0x000002a6e52ad7f0, 0x000002a6fc398d40, 0x000002a6fc3996f0, 0x000002a6fc3ed920,
0x000002a6fc3f02e0, 0x000002a6fc3f0c90, 0x000002a6fc3f1640, 0x000002a6fc3f2320,
0x000002a6fc41dc20, 0x000002a6fc41e530, 0x000002a6fd14f420, 0x000002a6fd157ba0
}

Java Threads: ( => current thread )
=>0x000002a6e52ad7f0 JavaThread "main" [_thread_in_vm, id=7592, stack(0x000000bda0f00000,0x000000bda1000000)]
  0x000002a6fc398d40 JavaThread "Reference Handler" daemon [_thread_blocked, id=13208, stack(0x000000bda1600000,0x000000bda1700000)]
  0x000002a6fc3996f0 JavaThread "Finalizer" daemon [_thread_blocked, id=15560, stack(0x000000bda1700000,0x000000bda1800000)]
  0x000002a6fc3ed920 JavaThread "Signal Dispatcher" daemon [_thread_blocked, id=2860, stack(0x000000bda1800000,0x000000bda1900000)]
  0x000002a6fc3f02e0 JavaThread "Attach Listener" daemon [_thread_blocked, id=1708, stack(0x000000bda1900000,0x000000bda1a00000)]
  0x000002a6fc3f0c90 JavaThread "Service Thread" daemon [_thread_blocked, id=11596, stack(0x000000bda1a00000,0x000000bda1b00000)]
  0x000002a6fc3f1640 JavaThread "Monitor Deflation Thread" daemon [_thread_blocked, id=12320, stack(0x000000bda1b00000,0x000000bda1c00000)]
  0x000002a6fc3f2320 JavaThread "C2 CompilerThread0" daemon [_thread_blocked, id=13188, stack(0x000000bda1c00000,0x000000bda1d00000)]
  0x000002a6fc41dc20 JavaThread "C1 CompilerThread0" daemon [_thread_blocked, id=6888, stack(0x000000bda1d00000,0x000000bda1e00000)]
  0x000002a6fc41e530 JavaThread "Sweeper thread" daemon [_thread_blocked, id=9980, stack(0x000000bda1e00000,0x000000bda1f00000)]
  0x000002a6fd14f420 JavaThread "Notification Thread" daemon [_thread_blocked, id=16408, stack(0x000000bda1f00000,0x000000bda2000000)]
  0x000002a6fd157ba0 JavaThread "Common-Cleaner" daemon [_thread_blocked, id=16416, stack(0x000000bda2100000,0x000000bda2200000)]

Other Threads:
  0x000002a6fc3937d0 VMThread "VM Thread" [stack: 0x000000bda1500000,0x000000bda1600000] [id=16256]
  0x000002a6fd157910 WatcherThread [stack: 0x000000bda2000000,0x000000bda2100000] [id=16412]
  0x000002a6e52e83d0 GCTaskThread "GC Thread#0" [stack: 0x000000bda1000000,0x000000bda1100000] [id=10576]
  0x000002a6e52f0e10 ConcurrentGCThread "G1 Main Marker" [stack: 0x000000bda1100000,0x000000bda1200000] [id=4404]
  0x000002a6e52f1880 ConcurrentGCThread "G1 Conc#0" [stack: 0x000000bda1200000,0x000000bda1300000] [id=3500]
  0x000002a6e532e3b0 ConcurrentGCThread "G1 Refine#0" [stack: 0x000000bda1300000,0x000000bda1400000] [id=3832]
  0x000002a6e532ee30 ConcurrentGCThread "G1 Service" [stack: 0x000000bda1400000,0x000000bda1500000] [id=14844]

Threads with active compile tasks:

VM state: not at safepoint (normal execution)

VM Mutex/Monitor currently owned by a thread:  ([mutex/lock_event])
[0x000002a6e52a6a30] Metaspace_lock - owner thread: 0x000002a6e52ad7f0

Heap address: 0x00000000c2000000, size: 992 MB, Compressed Oops mode: 32-bit

CDS archive(s) not mapped
Compressed class space mapped at: 0x0000000100000000-0x0000000140000000, reserved size: 1073741824
Narrow klass base: 0x0000000000000000, Narrow klass shift: 3, Narrow klass range: 0x140000000

GC Precious Log:
 CPUs: 4 total, 4 available
 Memory: 3965M
 Large Page Support: Disabled
 NUMA Support: Disabled
 Compressed Oops: Enabled (32-bit)
 Heap Region Size: 1M
 Heap Min Capacity: 8M
 Heap Initial Capacity: 62M
 Heap Max Capacity: 992M
 Pre-touch: Disabled
 Parallel Workers: 4
 Concurrent Workers: 1
 Concurrent Refinement Workers: 4
 Periodic GC: Disabled

Heap:
 garbage-first heap   total 63488K, used 2048K [0x00000000c2000000, 0x0000000100000000)
  region size 1024K, 3 young (3072K), 0 survivors (0K)
 Metaspace       used 7099K, committed 7232K, reserved 1056768K
  class space    used 625K, committed 704K, reserved 1048576K

Heap Regions: E=young(eden), S=young(survivor), O=old, HS=humongous(starts), HC=humongous(continues), CS=collection set, F=free, OA=open archive, CA=closed archive, TAMS=top-at-mark-start (previous, next)
|   0|0x00000000c2000000, 0x00000000c2000000, 0x00000000c2100000|  0%| F|  |TAMS 0x00000000c2000000, 0x00000000c2000000| Untracked 
|   1|0x00000000c2100000, 0x00000000c2100000, 0x00000000c2200000|  0%| F|  |TAMS 0x00000000c2100000, 0x00000000c2100000| Untracked 
|   2|0x00000000c2200000, 0x00000000c2200000, 0x00000000c2300000|  0%| F|  |TAMS 0x00000000c2200000, 0x00000000c2200000| Untracked 
|   3|0x00000000c2300000, 0x00000000c2300000, 0x00000000c2400000|  0%| F|  |TAMS 0x00000000c2300000, 0x00000000c2300000| Untracked 
|   4|0x00000000c2400000, 0x00000000c2400000, 0x00000000c2500000|  0%| F|  |TAMS 0x00000000c2400000, 0x00000000c2400000| Untracked 
|   5|0x00000000c2500000, 0x00000000c2500000, 0x00000000c2600000|  0%| F|  |TAMS 0x00000000c2500000, 0x00000000c2500000| Untracked 
|   6|0x00000000c2600000, 0x00000000c2600000, 0x00000000c2700000|  0%| F|  |TAMS 0x00000000c2600000, 0x00000000c2600000| Untracked 
|   7|0x00000000c2700000, 0x00000000c2700000, 0x00000000c2800000|  0%| F|  |TAMS 0x00000000c2700000, 0x00000000c2700000| Untracked 
|   8|0x00000000c2800000, 0x00000000c2800000, 0x00000000c2900000|  0%| F|  |TAMS 0x00000000c2800000, 0x00000000c2800000| Untracked 
|   9|0x00000000c2900000, 0x00000000c2900000, 0x00000000c2a00000|  0%| F|  |TAMS 0x00000000c2900000, 0x00000000c2900000| Untracked 
|  10|0x00000000c2a00000, 0x00000000c2a00000, 0x00000000c2b00000|  0%| F|  |TAMS 0x00000000c2a00000, 0x00000000c2a00000| Untracked 
|  11|0x00000000c2b00000, 0x00000000c2b00000, 0x00000000c2c00000|  0%| F|  |TAMS 0x00000000c2b00000, 0x00000000c2b00000| Untracked 
|  12|0x00000000c2c00000, 0x00000000c2c00000, 0x00000000c2d00000|  0%| F|  |TAMS 0x00000000c2c00000, 0x00000000c2c00000| Untracked 
|  13|0x00000000c2d00000, 0x00000000c2d00000, 0x00000000c2e00000|  0%| F|  |TAMS 0x00000000c2d00000, 0x00000000c2d00000| Untracked 
|  14|0x00000000c2e00000, 0x00000000c2e00000, 0x00000000c2f00000|  0%| F|  |TAMS 0x00000000c2e00000, 0x00000000c2e00000| Untracked 
|  15|0x00000000c2f00000, 0x00000000c2f00000, 0x00000000c3000000|  0%| F|  |TAMS 0x00000000c2f00000, 0x00000000c2f00000| Untracked 
|  16|0x00000000c3000000, 0x00000000c3000000, 0x00000000c3100000|  0%| F|  |TAMS 0x00000000c3000000, 0x00000000c3000000| Untracked 
|  17|0x00000000c3100000, 0x00000000c3100000, 0x00000000c3200000|  0%| F|  |TAMS 0x00000000c3100000, 0x00000000c3100000| Untracked 
|  18|0x00000000c3200000, 0x00000000c3200000, 0x00000000c3300000|  0%| F|  |TAMS 0x00000000c3200000, 0x00000000c3200000| Untracked 
|  19|0x00000000c3300000, 0x00000000c3300000, 0x00000000c3400000|  0%| F|  |TAMS 0x00000000c3300000, 0x00000000c3300000| Untracked 
|  20|0x00000000c3400000, 0x00000000c3400000, 0x00000000c3500000|  0%| F|  |TAMS 0x00000000c3400000, 0x00000000c3400000| Untracked 
|  21|0x00000000c3500000, 0x00000000c3500000, 0x00000000c3600000|  0%| F|  |TAMS 0x00000000c3500000, 0x00000000c3500000| Untracked 
|  22|0x00000000c3600000, 0x00000000c3600000, 0x00000000c3700000|  0%| F|  |TAMS 0x00000000c3600000, 0x00000000c3600000| Untracked 
|  23|0x00000000c3700000, 0x00000000c3700000, 0x00000000c3800000|  0%| F|  |TAMS 0x00000000c3700000, 0x00000000c3700000| Untracked 
|  24|0x00000000c3800000, 0x00000000c3800000, 0x00000000c3900000|  0%| F|  |TAMS 0x00000000c3800000, 0x00000000c3800000| Untracked 
|  25|0x00000000c3900000, 0x00000000c3900000, 0x00000000c3a00000|  0%| F|  |TAMS 0x00000000c3900000, 0x00000000c3900000| Untracked 
|  26|0x00000000c3a00000, 0x00000000c3a00000, 0x00000000c3b00000|  0%| F|  |TAMS 0x00000000c3a00000, 0x00000000c3a00000| Untracked 
|  27|0x00000000c3b00000, 0x00000000c3b00000, 0x00000000c3c00000|  0%| F|  |TAMS 0x00000000c3b00000, 0x00000000c3b00000| Untracked 
|  28|0x00000000c3c00000, 0x00000000c3c00000, 0x00000000c3d00000|  0%| F|  |TAMS 0x00000000c3c00000, 0x00000000c3c00000| Untracked 
|  29|0x00000000c3d00000, 0x00000000c3d00000, 0x00000000c3e00000|  0%| F|  |TAMS 0x00000000c3d00000, 0x00000000c3d00000| Untracked 
|  30|0x00000000c3e00000, 0x00000000c3e00000, 0x00000000c3f00000|  0%| F|  |TAMS 0x00000000c3e00000, 0x00000000c3e00000| Untracked 
|  31|0x00000000c3f00000, 0x00000000c3f00000, 0x00000000c4000000|  0%| F|  |TAMS 0x00000000c3f00000, 0x00000000c3f00000| Untracked 
|  32|0x00000000c4000000, 0x00000000c4000000, 0x00000000c4100000|  0%| F|  |TAMS 0x00000000c4000000, 0x00000000c4000000| Untracked 
|  33|0x00000000c4100000, 0x00000000c4100000, 0x00000000c4200000|  0%| F|  |TAMS 0x00000000c4100000, 0x00000000c4100000| Untracked 
|  34|0x00000000c4200000, 0x00000000c4200000, 0x00000000c4300000|  0%| F|  |TAMS 0x00000000c4200000, 0x00000000c4200000| Untracked 
|  35|0x00000000c4300000, 0x00000000c4300000, 0x00000000c4400000|  0%| F|  |TAMS 0x00000000c4300000, 0x00000000c4300000| Untracked 
|  36|0x00000000c4400000, 0x00000000c4400000, 0x00000000c4500000|  0%| F|  |TAMS 0x00000000c4400000, 0x00000000c4400000| Untracked 
|  37|0x00000000c4500000, 0x00000000c4500000, 0x00000000c4600000|  0%| F|  |TAMS 0x00000000c4500000, 0x00000000c4500000| Untracked 
|  38|0x00000000c4600000, 0x00000000c4600000, 0x00000000c4700000|  0%| F|  |TAMS 0x00000000c4600000, 0x00000000c4600000| Untracked 
|  39|0x00000000c4700000, 0x00000000c4700000, 0x00000000c4800000|  0%| F|  |TAMS 0x00000000c4700000, 0x00000000c4700000| Untracked 
|  40|0x00000000c4800000, 0x00000000c4800000, 0x00000000c4900000|  0%| F|  |TAMS 0x00000000c4800000, 0x00000000c4800000| Untracked 
|  41|0x00000000c4900000, 0x00000000c4900000, 0x00000000c4a00000|  0%| F|  |TAMS 0x00000000c4900000, 0x00000000c4900000| Untracked 
|  42|0x00000000c4a00000, 0x00000000c4a00000, 0x00000000c4b00000|  0%| F|  |TAMS 0x00000000c4a00000, 0x00000000c4a00000| Untracked 
|  43|0x00000000c4b00000, 0x00000000c4b00000, 0x00000000c4c00000|  0%| F|  |TAMS 0x00000000c4b00000, 0x00000000c4b00000| Untracked 
|  44|0x00000000c4c00000, 0x00000000c4c00000, 0x00000000c4d00000|  0%| F|  |TAMS 0x00000000c4c00000, 0x00000000c4c00000| Untracked 
|  45|0x00000000c4d00000, 0x00000000c4d00000, 0x00000000c4e00000|  0%| F|  |TAMS 0x00000000c4d00000, 0x00000000c4d00000| Untracked 
|  46|0x00000000c4e00000, 0x00000000c4e00000, 0x00000000c4f00000|  0%| F|  |TAMS 0x00000000c4e00000, 0x00000000c4e00000| Untracked 
|  47|0x00000000c4f00000, 0x00000000c4f00000, 0x00000000c5000000|  0%| F|  |TAMS 0x00000000c4f00000, 0x00000000c4f00000| Untracked 
|  48|0x00000000c5000000, 0x00000000c5000000, 0x00000000c5100000|  0%| F|  |TAMS 0x00000000c5000000, 0x00000000c5000000| Untracked 
|  49|0x00000000c5100000, 0x00000000c5100000, 0x00000000c5200000|  0%| F|  |TAMS 0x00000000c5100000, 0x00000000c5100000| Untracked 
|  50|0x00000000c5200000, 0x00000000c5200000, 0x00000000c5300000|  0%| F|  |TAMS 0x00000000c5200000, 0x00000000c5200000| Untracked 
|  51|0x00000000c5300000, 0x00000000c5300000, 0x00000000c5400000|  0%| F|  |TAMS 0x00000000c5300000, 0x00000000c5300000| Untracked 
|  52|0x00000000c5400000, 0x00000000c5400000, 0x00000000c5500000|  0%| F|  |TAMS 0x00000000c5400000, 0x00000000c5400000| Untracked 
|  53|0x00000000c5500000, 0x00000000c5500000, 0x00000000c5600000|  0%| F|  |TAMS 0x00000000c5500000, 0x00000000c5500000| Untracked 
|  54|0x00000000c5600000, 0x00000000c5600000, 0x00000000c5700000|  0%| F|  |TAMS 0x00000000c5600000, 0x00000000c5600000| Untracked 
|  55|0x00000000c5700000, 0x00000000c5700000, 0x00000000c5800000|  0%| F|  |TAMS 0x00000000c5700000, 0x00000000c5700000| Untracked 
|  56|0x00000000c5800000, 0x00000000c5800000, 0x00000000c5900000|  0%| F|  |TAMS 0x00000000c5800000, 0x00000000c5800000| Untracked 
|  57|0x00000000c5900000, 0x00000000c5900000, 0x00000000c5a00000|  0%| F|  |TAMS 0x00000000c5900000, 0x00000000c5900000| Untracked 
|  58|0x00000000c5a00000, 0x00000000c5a00000, 0x00000000c5b00000|  0%| F|  |TAMS 0x00000000c5a00000, 0x00000000c5a00000| Untracked 
|  59|0x00000000c5b00000, 0x00000000c5b85a10, 0x00000000c5c00000| 52%| E|  |TAMS 0x00000000c5b00000, 0x00000000c5b00000| Complete 
|  60|0x00000000c5c00000, 0x00000000c5d00000, 0x00000000c5d00000|100%| E|CS|TAMS 0x00000000c5c00000, 0x00000000c5c00000| Complete 
|  61|0x00000000c5d00000, 0x00000000c5e00000, 0x00000000c5e00000|100%| E|CS|TAMS 0x00000000c5d00000, 0x00000000c5d00000| Complete 

Card table byte_map: [0x000002a6f7c00000,0x000002a6f7df0000] _byte_map_base: 0x000002a6f75f0000

Marking Bits (Prev, Next): (CMBitMap*) 0x000002a6e52e88e0, (CMBitMap*) 0x000002a6e52e8920
 Prev Bits: [0x000002a6f7fe0000, 0x000002a6f8f60000)
 Next Bits: [0x000002a6f8f60000, 0x000002a6f9ee0000)

Polling page: 0x000002a6e4a70000

Metaspace:

Usage:
  Non-class:      6.32 MB used.
      Class:    625.55 KB used.
       Both:      6.93 MB used.

Virtual space:
  Non-class space:        8.00 MB reserved,       6.38 MB ( 80%) committed,  1 nodes.
      Class space:        1.00 GB reserved,     704.00 KB ( <1%) committed,  1 nodes.
             Both:        1.01 GB reserved,       7.06 MB ( <1%) committed. 

Chunk freelists:
   Non-Class:  1008.00 KB
       Class:  3.23 MB
        Both:  4.22 MB

MaxMetaspaceSize: unlimited
CompressedClassSpaceSize: 1.00 GB
Initial GC threshold: 21.00 MB
Current GC threshold: 21.00 MB
CDS: off
MetaspaceReclaimPolicy: balanced
 - commit_granule_bytes: 65536.
 - commit_granule_words: 8192.
 - virtual_space_node_default_size: 1048576.
 - enlarge_chunks_in_place: 1.
 - new_chunks_are_fully_committed: 0.
 - uncommit_free_chunks: 1.
 - use_allocation_guard: 0.
 - handle_deallocations: 1.


Internal statistics:

num_allocs_failed_limit: 0.
num_arena_births: 6.
num_arena_deaths: 0.
num_vsnodes_births: 2.
num_vsnodes_deaths: 0.
num_space_committed: 113.
num_space_uncommitted: 0.
num_chunks_returned_to_freelist: 0.
num_chunks_taken_from_freelist: 28.
num_chunk_merges: 0.
num_chunk_splits: 12.
num_chunks_enlarged: 8.
num_purges: 0.
num_inconsistent_stats: 0.

CodeHeap 'non-profiled nmethods': size=120000Kb used=57Kb max_used=57Kb free=119942Kb
 bounds [0x000002a6f04e0000, 0x000002a6f0750000, 0x000002a6f7a10000]
CodeHeap 'profiled nmethods': size=120000Kb used=305Kb max_used=305Kb free=119695Kb
 bounds [0x000002a6e8a10000, 0x000002a6e8c80000, 0x000002a6eff40000]
CodeHeap 'non-nmethods': size=5760Kb used=1110Kb max_used=1125Kb free=4649Kb
 bounds [0x000002a6eff40000, 0x000002a6f01b0000, 0x000002a6f04e0000]
 total_blobs=611 nmethods=218 adapters=307
 compilation: enabled
              stopped_count=0, restarted_count=0
 full_count=0

Compilation events (20 events):
Event: 1.609 Thread 0x000002a6fc41dc20 nmethod 206 0x000002a6e8a5ad90 code [0x000002a6e8a5af60, 0x000002a6e8a5b588]
Event: 1.609 Thread 0x000002a6fc41dc20  205       3       sun.security.util.ObjectIdentifier::pack7Oid (84 bytes)
Event: 1.610 Thread 0x000002a6fc41dc20 nmethod 205 0x000002a6e8a5b810 code [0x000002a6e8a5b9e0, 0x000002a6e8a5bd38]
Event: 1.610 Thread 0x000002a6fc41dc20  208       3       java.math.BigInteger::trustedStripLeadingZeroInts (37 bytes)
Event: 1.610 Thread 0x000002a6fc41dc20 nmethod 208 0x000002a6e8a5bf10 code [0x000002a6e8a5c0c0, 0x000002a6e8a5c328]
Event: 1.611 Thread 0x000002a6fc41dc20  207       1       java.math.BigInteger::signum (5 bytes)
Event: 1.611 Thread 0x000002a6fc41dc20 nmethod 207 0x000002a6f04ebe10 code [0x000002a6f04ebfa0, 0x000002a6f04ec078]
Event: 1.622 Thread 0x000002a6fc3f2320 nmethod 209 0x000002a6f04ec110 code [0x000002a6f04ec2c0, 0x000002a6f04ec698]
Event: 1.624 Thread 0x000002a6fc41dc20  210       1       java.security.Provider$UString::toString (5 bytes)
Event: 1.624 Thread 0x000002a6fc41dc20 nmethod 210 0x000002a6f04ecb90 code [0x000002a6f04ecd20, 0x000002a6f04ecdf8]
Event: 1.624 Thread 0x000002a6fc41dc20  211       1       java.util.Collections$EmptyIterator::hasNext (2 bytes)
Event: 1.625 Thread 0x000002a6fc41dc20 nmethod 211 0x000002a6f04ece90 code [0x000002a6f04ed020, 0x000002a6f04ed0f8]
Event: 1.625 Thread 0x000002a6fc41dc20  212       1       java.security.Provider$Service::getProvider (5 bytes)
Event: 1.625 Thread 0x000002a6fc41dc20 nmethod 212 0x000002a6f04ed190 code [0x000002a6f04ed320, 0x000002a6f04ed3f8]
Event: 1.625 Thread 0x000002a6fc41dc20  214       1       java.security.Provider$Service::getClassName (5 bytes)
Event: 1.625 Thread 0x000002a6fc41dc20 nmethod 214 0x000002a6f04ed890 code [0x000002a6f04eda20, 0x000002a6f04edaf8]
Event: 1.626 Thread 0x000002a6fc3f2320  215       4       java.util.HashMap::afterNodeInsertion (1 bytes)
Event: 1.626 Thread 0x000002a6fc3f2320 nmethod 215 0x000002a6f04edb90 code [0x000002a6f04edd00, 0x000002a6f04edd78]
Event: 1.635 Thread 0x000002a6fc41dc20  217       1       java.lang.invoke.MethodType::returnType (5 bytes)
Event: 1.635 Thread 0x000002a6fc41dc20 nmethod 217 0x000002a6f04ee190 code [0x000002a6f04ee320, 0x000002a6f04ee3f8]

GC Heap History (0 events):
No events

Dll operation events (1 events):
Event: 0.067 Loaded shared library C:\Program Files\JetBrains\IntelliJ IDEA Community Edition 2023.1\jbr\bin\java.dll

Deoptimization events (0 events):
No events

Classes unloaded (0 events):
No events

Classes redefined (0 events):
No events

Internal exceptions (0 events):
No events

VM Operations (4 events):
Event: 1.039 Executing VM operation: HandshakeAllThreads
Event: 1.039 Executing VM operation: HandshakeAllThreads done
Event: 1.214 Executing VM operation: HandshakeAllThreads
Event: 1.214 Executing VM operation: HandshakeAllThreads done

Events (20 events):
Event: 1.660 loading class java/util/regex/Pattern$LastNode
Event: 1.660 loading class java/util/regex/Pattern$LastNode done
Event: 1.661 loading class java/util/regex/Pattern$GroupHead
Event: 1.661 loading class java/util/regex/Pattern$GroupHead done
Event: 1.661 loading class java/util/regex/ASCII
Event: 1.662 loading class java/util/regex/ASCII done
Event: 1.662 loading class java/util/regex/Pattern$SliceI
Event: 1.662 loading class java/util/regex/Pattern$SliceNode
Event: 1.663 loading class java/util/regex/Pattern$SliceNode done
Event: 1.663 loading class java/util/regex/Pattern$SliceI done
Event: 1.663 loading class java/util/regex/Pattern$CharProperty
Event: 1.663 loading class java/util/regex/Pattern$CharProperty done
Event: 1.663 loading class java/util/regex/Pattern$CharPredicate
Event: 1.663 loading class java/util/regex/Pattern$CharPredicate done
Event: 1.665 loading class java/lang/invoke/InnerClassLambdaMetafactory$1
Event: 1.665 loading class java/lang/invoke/InnerClassLambdaMetafactory$1 done
Event: 1.666 loading class java/lang/invoke/BoundMethodHandle
Event: 1.666 loading class java/lang/invoke/BoundMethodHandle done
Event: 1.666 loading class java/lang/invoke/BoundMethodHandle$Specializer
Event: 1.667 loading class java/lang/invoke/ClassSpecializer


Dynamic libraries:
0x00007ff6cae20000 - 0x00007ff6cae2a000 	C:\Program Files\JetBrains\IntelliJ IDEA Community Edition 2023.1\jbr\bin\java.exe
0x00007ffd02450000 - 0x00007ffd02664000 	C:\WINDOWS\SYSTEM32\ntdll.dll
0x00007ffd01860000 - 0x00007ffd01923000 	C:\WINDOWS\System32\KERNEL32.DLL
0x00007ffcffb10000 - 0x00007ffcffeac000 	C:\WINDOWS\System32\KERNELBASE.dll
0x00007ffd00140000 - 0x00007ffd00251000 	C:\WINDOWS\System32\ucrtbase.dll
0x00007ffce79c0000 - 0x00007ffce79d7000 	C:\Program Files\JetBrains\IntelliJ IDEA Community Edition 2023.1\jbr\bin\jli.dll
0x00007ffd02190000 - 0x00007ffd0233d000 	C:\WINDOWS\System32\USER32.dll
0x00007ffcffa20000 - 0x00007ffcffa46000 	C:\WINDOWS\System32\win32u.dll
0x00007ffd01cd0000 - 0x00007ffd01cf9000 	C:\WINDOWS\System32\GDI32.dll
0x00007ffcffeb0000 - 0x00007ffcfffc3000 	C:\WINDOWS\System32\gdi32full.dll
0x00007ffcff980000 - 0x00007ffcffa1a000 	C:\WINDOWS\System32\msvcp_win.dll
0x00007ffce2800000 - 0x00007ffce2a8e000 	C:\WINDOWS\WinSxS\amd64_microsoft.windows.common-controls_6595b64144ccf1df_6.0.22621.608_none_a9444ca7c10bb01d\COMCTL32.dll
0x00007ffce6ee0000 - 0x00007ffce6efb000 	C:\Program Files\JetBrains\IntelliJ IDEA Community Edition 2023.1\jbr\bin\VCRUNTIME140.dll
0x00007ffd00310000 - 0x00007ffd003b7000 	C:\WINDOWS\System32\msvcrt.dll
0x00007ffd023d0000 - 0x00007ffd02401000 	C:\WINDOWS\System32\IMM32.DLL
0x00007ffcf60c0000 - 0x00007ffcf60cc000 	C:\Program Files\JetBrains\IntelliJ IDEA Community Edition 2023.1\jbr\bin\vcruntime140_1.dll
0x00007ffcbae10000 - 0x00007ffcbae9d000 	C:\Program Files\JetBrains\IntelliJ IDEA Community Edition 2023.1\jbr\bin\msvcp140.dll
0x00007ffcbb7d0000 - 0x00007ffcbc43d000 	C:\Program Files\JetBrains\IntelliJ IDEA Community Edition 2023.1\jbr\bin\server\jvm.dll
0x00007ffd01d00000 - 0x00007ffd01dae000 	C:\WINDOWS\System32\ADVAPI32.dll
0x00007ffd01730000 - 0x00007ffd017d4000 	C:\WINDOWS\System32\sechost.dll
0x00007ffd01610000 - 0x00007ffd01725000 	C:\WINDOWS\System32\RPCRT4.dll
0x00007ffcf4fa0000 - 0x00007ffcf4fa9000 	C:\WINDOWS\SYSTEM32\WSOCK32.dll
0x00007ffcf4000000 - 0x00007ffcf4034000 	C:\WINDOWS\SYSTEM32\WINMM.dll
0x00007ffd017e0000 - 0x00007ffd01851000 	C:\WINDOWS\System32\WS2_32.dll
0x00007ffcee2d0000 - 0x00007ffcee2da000 	C:\WINDOWS\SYSTEM32\VERSION.dll
0x00007ffcfe9d0000 - 0x00007ffcfe9e8000 	C:\WINDOWS\SYSTEM32\kernel.appcore.dll
0x00007ffcf4f90000 - 0x00007ffcf4f9a000 	C:\Program Files\JetBrains\IntelliJ IDEA Community Edition 2023.1\jbr\bin\jimage.dll
0x00007ffcfcc90000 - 0x00007ffcfcebe000 	C:\WINDOWS\SYSTEM32\DBGHELP.DLL
0x00007ffd01930000 - 0x00007ffd01cb9000 	C:\WINDOWS\System32\combase.dll
0x00007ffd01e10000 - 0x00007ffd01ee7000 	C:\WINDOWS\System32\OLEAUT32.dll
0x00007ffcedbc0000 - 0x00007ffcedbf2000 	C:\WINDOWS\SYSTEM32\dbgcore.DLL
0x00007ffcff890000 - 0x00007ffcff90b000 	C:\WINDOWS\System32\bcryptPrimitives.dll
0x00007ffceb380000 - 0x00007ffceb3a5000 	C:\Program Files\JetBrains\IntelliJ IDEA Community Edition 2023.1\jbr\bin\java.dll
0x00007ffce7d00000 - 0x00007ffce7d18000 	C:\Program Files\JetBrains\IntelliJ IDEA Community Edition 2023.1\jbr\bin\zip.dll
0x00007ffd003c0000 - 0x00007ffd00bb0000 	C:\WINDOWS\System32\SHELL32.dll
0x00007ffcfd8b0000 - 0x00007ffcfe17e000 	C:\WINDOWS\SYSTEM32\windows.storage.dll
0x00007ffcfd770000 - 0x00007ffcfd8ae000 	C:\WINDOWS\SYSTEM32\wintypes.dll
0x00007ffd01270000 - 0x00007ffd01361000 	C:\WINDOWS\System32\SHCORE.dll
0x00007ffd02130000 - 0x00007ffd0218e000 	C:\WINDOWS\System32\shlwapi.dll
0x00007ffcff7c0000 - 0x00007ffcff7e1000 	C:\WINDOWS\SYSTEM32\profapi.dll
0x00007ffce7c80000 - 0x00007ffce7c99000 	C:\Program Files\JetBrains\IntelliJ IDEA Community Edition 2023.1\jbr\bin\net.dll
0x00007ffcf5f20000 - 0x00007ffcf604f000 	C:\WINDOWS\SYSTEM32\WINHTTP.dll
0x00007ffcfee40000 - 0x00007ffcfeea9000 	C:\WINDOWS\system32\mswsock.dll
0x00007ffce7c60000 - 0x00007ffce7c76000 	C:\Program Files\JetBrains\IntelliJ IDEA Community Edition 2023.1\jbr\bin\nio.dll
0x00007ffcebb50000 - 0x00007ffcebb5e000 	C:\Program Files\JetBrains\IntelliJ IDEA Community Edition 2023.1\jbr\bin\sunmscapi.dll
0x00007ffcfffd0000 - 0x00007ffd00136000 	C:\WINDOWS\System32\CRYPT32.dll
0x00007ffcff230000 - 0x00007ffcff25d000 	C:\WINDOWS\SYSTEM32\ncrypt.dll
0x00007ffcff1f0000 - 0x00007ffcff227000 	C:\WINDOWS\SYSTEM32\NTASN1.dll

dbghelp: loaded successfully - version: 4.0.5 - missing functions: none
symbol engine: initialized successfully - sym options: 0x614 - pdb path: .;C:\Program Files\JetBrains\IntelliJ IDEA Community Edition 2023.1\jbr\bin;C:\WINDOWS\SYSTEM32;C:\WINDOWS\WinSxS\amd64_microsoft.windows.common-controls_6595b64144ccf1df_6.0.22621.608_none_a9444ca7c10bb01d;C:\Program Files\JetBrains\IntelliJ IDEA Community Edition 2023.1\jbr\bin\server

VM Arguments:
java_command: git4idea.http.GitAskPassApp Username for 'https://github.com': 
java_class_path (initial): C:/Program Files/JetBrains/IntelliJ IDEA Community Edition 2023.1/plugins/vcs-git/lib/git4idea-rt.jar;C:/Program Files/JetBrains/IntelliJ IDEA Community Edition 2023.1/lib/externalProcess-rt.jar
Launcher Type: SUN_STANDARD

[Global flags]
     intx CICompilerCount                          = 3                                         {product} {ergonomic}
     uint ConcGCThreads                            = 1                                         {product} {ergonomic}
     uint G1ConcRefinementThreads                  = 4                                         {product} {ergonomic}
   size_t G1HeapRegionSize                         = 1048576                                   {product} {ergonomic}
    uintx GCDrainStackTargetSize                   = 64                                        {product} {ergonomic}
   size_t InitialHeapSize                          = 65011712                                  {product} {ergonomic}
   size_t MarkStackSize                            = 4194304                                   {product} {ergonomic}
   size_t MaxHeapSize                              = 1040187392                                {product} {ergonomic}
   size_t MaxNewSize                               = 623902720                                 {product} {ergonomic}
   size_t MinHeapDeltaBytes                        = 1048576                                   {product} {ergonomic}
   size_t MinHeapSize                              = 8388608                                   {product} {ergonomic}
    uintx NonNMethodCodeHeapSize                   = 5832780                                {pd product} {ergonomic}
    uintx NonProfiledCodeHeapSize                  = 122912730                              {pd product} {ergonomic}
    uintx ProfiledCodeHeapSize                     = 122912730                              {pd product} {ergonomic}
    uintx ReservedCodeCacheSize                    = 251658240                              {pd product} {ergonomic}
     bool SegmentedCodeCache                       = true                                      {product} {ergonomic}
   size_t SoftMaxHeapSize                          = 1040187392                             {manageable} {ergonomic}
     bool UseCompressedClassPointers               = true                           {product lp64_product} {ergonomic}
     bool UseCompressedOops                        = true                           {product lp64_product} {ergonomic}
     bool UseG1GC                                  = true                                      {product} {ergonomic}
     bool UseLargePagesIndividualAllocation        = false                                  {pd product} {ergonomic}

Logging:
Log output configuration:
 #0: stdout all=warning uptime,level,tags
 #1: stderr all=off uptime,level,tags

Environment Variables:
PATH=C:\Program Files\Git\mingw64\libexec\git-core;C:\Program Files\Git\mingw64\libexec\git-core;C:\Program Files\Git\mingw64\bin;C:\Program Files\Git\usr\bin;C:\Users\SiMue\bin;C:\Program Files (x86)\Common Files\Oracle\Java\javapath;C:\Program Files (x86)\Intel\iCLS Client;C:\Program Files\Intel\iCLS Client;C:\Windows\system32;C:\Windows;C:\Windows\System32\Wbem;C:\Windows\System32\WindowsPowerShell\v1.0;C:\Program Files (x86)\Intel\Intel(R) Management Engine Components\DAL;C:\Program Files\Intel\Intel(R) Management Engine Components\DAL;C:\Program Files (x86)\Intel\Intel(R) Management Engine Components\IPT;C:\Program Files\Intel\Intel(R) Management Engine Components\IPT;C:\Program Files (x86)\NVIDIA Corporation\PhysX\Common;C:\WINDOWS\system32;C:\WINDOWS;C:\WINDOWS\System32\Wbem;C:\WINDOWS\System32\WindowsPowerShell\v1.0;C:\WINDOWS\System32\OpenSSH;C:\Program Files\nodejs;C:\Program Files\Git\cmd;C:\Users\SiMue\AppData\Local\Microsoft\WindowsApps;C:\Users\SiMue\AppData\Local\Programs\Microsoft VS Code\bin;C:\Users\SiMue\AppData\Roaming\npm
USERNAME=SiMue
DISPLAY=:0.0
LC_ALL=en_US.UTF-8
TERM=xterm-256color
TMPDIR=C:\Users\SiMue\AppData\Local\Temp
OS=Windows_NT
PROCESSOR_IDENTIFIER=Intel64 Family 6 Model 142 Stepping 9, GenuineIntel
TMP=C:\Users\SiMue\AppData\Local\Temp
TEMP=C:\Users\SiMue\AppData\Local\Temp



---------------  S Y S T E M  ---------------

OS:
 Windows 11 , 64 bit Build 22621 (10.0.22621.1344)
OS uptime: 0 days 13:10 hours

CPU: total 4 (initial active 4) (2 cores per cpu, 2 threads per core) family 6 model 142 stepping 9 microcode 0xf0, cx8, cmov, fxsr, ht, mmx, 3dnowpref, sse, sse2, sse3, ssse3, sse4.1, sse4.2, popcnt, lzcnt, tsc, tscinvbit, aes, erms, clmul, clflush, clflushopt

Memory: 4k page, system-wide physical 3965M (392M free)
TotalPageFile size 8249M (AvailPageFile size 3M)
current process WorkingSet (physical memory assigned to process): 37M, peak: 37M
current process commit charge ("private bytes"): 129M, peak: 130M

vm_info: OpenJDK 64-Bit Server VM (17.0.6+10-b829.5) for windows-amd64 JRE (17.0.6+10-b829.5), built on 2023-02-24 by "builduser" with MS VC++ 16.10 / 16.11 (VS2019)

END.
