#
# There is insufficient memory for the Java Runtime Environment to continue.
# Native memory allocation (mmap) failed to map 65011712 bytes for G1 virtual space
# Possible reasons:
#   The system is out of physical RAM or swap space
#   The process is running with CompressedOops enabled, and the Java Heap may be blocking the growth of the native heap
# Possible solutions:
#   Reduce memory load on the system
#   Increase physical memory or swap space
#   Check if swap backing store is full
#   Decrease Java heap size (-Xmx/-Xms)
#   Decrease number of Java threads
#   Decrease Java thread stack sizes (-Xss)
#   Set larger code cache with -XX:ReservedCodeCacheSize=
#   JVM is running with Unscaled Compressed Oops mode in which the Java heap is
#     placed in the first 4GB address space. The Java Heap base address is the
#     maximum limit for the native heap growth. Please use -XX:HeapBaseMinAddress
#     to set the Java Heap base and to place the Java Heap above 4GB virtual address.
# This output file may be truncated or incomplete.
#
#  Out of Memory Error (os_windows.cpp:3769), pid=18344, tid=17312
#
# JRE version:  (17.0.6+10) (build )
# Java VM: OpenJDK 64-Bit Server VM (17.0.6+10-b829.5, mixed mode, sharing, tiered, compressed oops, compressed class ptrs, g1 gc, windows-amd64)
# No core dump will be written. Minidumps are not enabled by default on client versions of Windows
#

---------------  S U M M A R Y ------------

Command Line: git4idea.http.GitAskPassApp Username for 'https://github.com': 

Host: Intel(R) Pentium(R) CPU 4425Y @ 1.70GHz, 4 cores, 3G,  Windows 11 , 64 bit Build 22621 (10.0.22621.1344)
Time: Thu May 25 11:08:17 2023 W. Europe Daylight Time elapsed time: 0.077801 seconds (0d 0h 0m 0s)

---------------  T H R E A D  ---------------

Current thread (0x000001e68cd8a310):  JavaThread "Unknown thread" [_thread_in_vm, id=17312, stack(0x0000006391e00000,0x0000006391f00000)]

Stack: [0x0000006391e00000,0x0000006391f00000]
Native frames: (J=compiled Java code, j=interpreted, Vv=VM code, C=native code)
V  [jvm.dll+0x683b4a]
V  [jvm.dll+0x842654]
V  [jvm.dll+0x843dfe]
V  [jvm.dll+0x844463]
V  [jvm.dll+0x249b75]
V  [jvm.dll+0x680a19]
V  [jvm.dll+0x674f0a]
V  [jvm.dll+0x309acb]
V  [jvm.dll+0x310f86]
V  [jvm.dll+0x3608ee]
V  [jvm.dll+0x360b1f]
V  [jvm.dll+0x2dfbf8]
V  [jvm.dll+0x2e0b64]
V  [jvm.dll+0x813f41]
V  [jvm.dll+0x36e6a1]
V  [jvm.dll+0x7f347c]
V  [jvm.dll+0x3f0e8f]
V  [jvm.dll+0x3f29d1]
C  [jli.dll+0x526b]
C  [ucrtbase.dll+0x29363]
C  [KERNEL32.DLL+0x126bd]
C  [ntdll.dll+0x5a9f8]


---------------  P R O C E S S  ---------------

Threads class SMR info:
_java_thread_list=0x00007ffcbc30c058, length=0, elements={
}

Java Threads: ( => current thread )

Other Threads:
  0x000001e68cdc5710 GCTaskThread "GC Thread#0" [stack: 0x0000006391f00000,0x0000006392000000] [id=17544]
  0x000001e68cdce3b0 ConcurrentGCThread "G1 Main Marker" [stack: 0x0000006392000000,0x0000006392100000] [id=10296]
  0x000001e68cdcf560 ConcurrentGCThread "G1 Conc#0" [stack: 0x0000006392100000,0x0000006392200000] [id=17584]

[error occurred during error reporting (printing all threads), id 0xc0000005, EXCEPTION_ACCESS_VIOLATION (0xc0000005) at pc=0x00007ffcbbac0797]

VM state: not at safepoint (not fully initialized)

VM Mutex/Monitor currently owned by a thread:  ([mutex/lock_event])
[0x000001e68cd84a70] Heap_lock - owner thread: 0x000001e68cd8a310

Heap address: 0x00000000c2000000, size: 992 MB, Compressed Oops mode: 32-bit

CDS archive(s) mapped at: [0x0000000000000000-0x0000000000000000-0x0000000000000000), size 0, SharedBaseAddress: 0x0000000800000000, ArchiveRelocationMode: 0.
Narrow klass base: 0x0000000000000000, Narrow klass shift: 0, Narrow klass range: 0x0

GC Precious Log:
<Empty>

Heap:
 garbage-first heap   total 0K, used 0K [0x00000000c2000000, 0x0000000100000000)
  region size 1024K, 0 young (0K), 0 survivors (0K)

[error occurred during error reporting (printing heap information), id 0xc0000005, EXCEPTION_ACCESS_VIOLATION (0xc0000005) at pc=0x00007ffcbbead939]

GC Heap History (0 events):
No events

Dll operation events (1 events):
Event: 0.032 Loaded shared library C:\Program Files\JetBrains\IntelliJ IDEA Community Edition 2023.1\jbr\bin\java.dll

Deoptimization events (0 events):
No events

Classes unloaded (0 events):
No events

Classes redefined (0 events):
No events

Internal exceptions (0 events):
No events

VM Operations (0 events):
No events

Events (0 events):
No events


Dynamic libraries:
0x00007ff74ef60000 - 0x00007ff74ef6a000 	C:\Program Files\JetBrains\IntelliJ IDEA Community Edition 2023.1\jbr\bin\java.exe
0x00007ffd02450000 - 0x00007ffd02664000 	C:\WINDOWS\SYSTEM32\ntdll.dll
0x00007ffd01860000 - 0x00007ffd01923000 	C:\WINDOWS\System32\KERNEL32.DLL
0x00007ffcffb10000 - 0x00007ffcffeac000 	C:\WINDOWS\System32\KERNELBASE.dll
0x00007ffd00140000 - 0x00007ffd00251000 	C:\WINDOWS\System32\ucrtbase.dll
0x00007ffce79c0000 - 0x00007ffce79d7000 	C:\Program Files\JetBrains\IntelliJ IDEA Community Edition 2023.1\jbr\bin\jli.dll
0x00007ffcdf0f0000 - 0x00007ffcdf10b000 	C:\Program Files\JetBrains\IntelliJ IDEA Community Edition 2023.1\jbr\bin\VCRUNTIME140.dll
0x00007ffd02190000 - 0x00007ffd0233d000 	C:\WINDOWS\System32\USER32.dll
0x00007ffcffa20000 - 0x00007ffcffa46000 	C:\WINDOWS\System32\win32u.dll
0x00007ffd01cd0000 - 0x00007ffd01cf9000 	C:\WINDOWS\System32\GDI32.dll
0x00007ffcffeb0000 - 0x00007ffcfffc3000 	C:\WINDOWS\System32\gdi32full.dll
0x00007ffcff980000 - 0x00007ffcffa1a000 	C:\WINDOWS\System32\msvcp_win.dll
0x00007ffce2800000 - 0x00007ffce2a8e000 	C:\WINDOWS\WinSxS\amd64_microsoft.windows.common-controls_6595b64144ccf1df_6.0.22621.608_none_a9444ca7c10bb01d\COMCTL32.dll
0x00007ffd00310000 - 0x00007ffd003b7000 	C:\WINDOWS\System32\msvcrt.dll
0x00007ffd023d0000 - 0x00007ffd02401000 	C:\WINDOWS\System32\IMM32.DLL
0x00007ffce81a0000 - 0x00007ffce81ac000 	C:\Program Files\JetBrains\IntelliJ IDEA Community Edition 2023.1\jbr\bin\vcruntime140_1.dll
0x00007ffcb1570000 - 0x00007ffcb15fd000 	C:\Program Files\JetBrains\IntelliJ IDEA Community Edition 2023.1\jbr\bin\msvcp140.dll
0x00007ffcbb7d0000 - 0x00007ffcbc43d000 	C:\Program Files\JetBrains\IntelliJ IDEA Community Edition 2023.1\jbr\bin\server\jvm.dll
0x00007ffd01d00000 - 0x00007ffd01dae000 	C:\WINDOWS\System32\ADVAPI32.dll
0x00007ffd01730000 - 0x00007ffd017d4000 	C:\WINDOWS\System32\sechost.dll
0x00007ffd01610000 - 0x00007ffd01725000 	C:\WINDOWS\System32\RPCRT4.dll
0x00007ffcf4000000 - 0x00007ffcf4034000 	C:\WINDOWS\SYSTEM32\WINMM.dll
0x00007ffcee2d0000 - 0x00007ffcee2da000 	C:\WINDOWS\SYSTEM32\VERSION.dll
0x00007ffcf4fa0000 - 0x00007ffcf4fa9000 	C:\WINDOWS\SYSTEM32\WSOCK32.dll
0x00007ffd017e0000 - 0x00007ffd01851000 	C:\WINDOWS\System32\WS2_32.dll
0x00007ffcfe9d0000 - 0x00007ffcfe9e8000 	C:\WINDOWS\SYSTEM32\kernel.appcore.dll
0x00007ffcf4f90000 - 0x00007ffcf4f9a000 	C:\Program Files\JetBrains\IntelliJ IDEA Community Edition 2023.1\jbr\bin\jimage.dll
0x00007ffcfcc90000 - 0x00007ffcfcebe000 	C:\WINDOWS\SYSTEM32\DBGHELP.DLL
0x00007ffd01930000 - 0x00007ffd01cb9000 	C:\WINDOWS\System32\combase.dll
0x00007ffd01e10000 - 0x00007ffd01ee7000 	C:\WINDOWS\System32\OLEAUT32.dll
0x00007ffcedbc0000 - 0x00007ffcedbf2000 	C:\WINDOWS\SYSTEM32\dbgcore.DLL
0x00007ffcff890000 - 0x00007ffcff90b000 	C:\WINDOWS\System32\bcryptPrimitives.dll
0x00007ffceb380000 - 0x00007ffceb3a5000 	C:\Program Files\JetBrains\IntelliJ IDEA Community Edition 2023.1\jbr\bin\java.dll

dbghelp: loaded successfully - version: 4.0.5 - missing functions: none
symbol engine: initialized successfully - sym options: 0x614 - pdb path: .;C:\Program Files\JetBrains\IntelliJ IDEA Community Edition 2023.1\jbr\bin;C:\WINDOWS\SYSTEM32;C:\WINDOWS\WinSxS\amd64_microsoft.windows.common-controls_6595b64144ccf1df_6.0.22621.608_none_a9444ca7c10bb01d;C:\Program Files\JetBrains\IntelliJ IDEA Community Edition 2023.1\jbr\bin\server

VM Arguments:
java_command: git4idea.http.GitAskPassApp Username for 'https://github.com': 
java_class_path (initial): C:/Program Files/JetBrains/IntelliJ IDEA Community Edition 2023.1/plugins/vcs-git/lib/git4idea-rt.jar;C:/Program Files/JetBrains/IntelliJ IDEA Community Edition 2023.1/lib/externalProcess-rt.jar
Launcher Type: SUN_STANDARD

[Global flags]
     intx CICompilerCount                          = 3                                         {product} {ergonomic}
     uint ConcGCThreads                            = 1                                         {product} {ergonomic}
     uint G1ConcRefinementThreads                  = 4                                         {product} {ergonomic}
   size_t G1HeapRegionSize                         = 1048576                                   {product} {ergonomic}
    uintx GCDrainStackTargetSize                   = 64                                        {product} {ergonomic}
   size_t InitialHeapSize                          = 65011712                                  {product} {ergonomic}
   size_t MarkStackSize                            = 4194304                                   {product} {ergonomic}
   size_t MaxHeapSize                              = 1040187392                                {product} {ergonomic}
   size_t MinHeapDeltaBytes                        = 1048576                                   {product} {ergonomic}
   size_t MinHeapSize                              = 8388608                                   {product} {ergonomic}
    uintx NonNMethodCodeHeapSize                   = 5832780                                {pd product} {ergonomic}
    uintx NonProfiledCodeHeapSize                  = 122912730                              {pd product} {ergonomic}
    uintx ProfiledCodeHeapSize                     = 122912730                              {pd product} {ergonomic}
    uintx ReservedCodeCacheSize                    = 251658240                              {pd product} {ergonomic}
     bool SegmentedCodeCache                       = true                                      {product} {ergonomic}
   size_t SoftMaxHeapSize                          = 1040187392                             {manageable} {ergonomic}
     bool UseCompressedClassPointers               = true                           {product lp64_product} {ergonomic}
     bool UseCompressedOops                        = true                           {product lp64_product} {ergonomic}
     bool UseG1GC                                  = true                                      {product} {ergonomic}
     bool UseLargePagesIndividualAllocation        = false                                  {pd product} {ergonomic}

Logging:
Log output configuration:
 #0: stdout all=warning uptime,level,tags
 #1: stderr all=off uptime,level,tags

Environment Variables:
PATH=C:\Program Files\Git\mingw64\libexec\git-core;C:\Program Files\Git\mingw64\libexec\git-core;C:\Program Files\Git\mingw64\bin;C:\Program Files\Git\usr\bin;C:\Users\SiMue\bin;C:\Program Files (x86)\Common Files\Oracle\Java\javapath;C:\Program Files (x86)\Intel\iCLS Client;C:\Program Files\Intel\iCLS Client;C:\Windows\system32;C:\Windows;C:\Windows\System32\Wbem;C:\Windows\System32\WindowsPowerShell\v1.0;C:\Program Files (x86)\Intel\Intel(R) Management Engine Components\DAL;C:\Program Files\Intel\Intel(R) Management Engine Components\DAL;C:\Program Files (x86)\Intel\Intel(R) Management Engine Components\IPT;C:\Program Files\Intel\Intel(R) Management Engine Components\IPT;C:\Program Files (x86)\NVIDIA Corporation\PhysX\Common;C:\WINDOWS\system32;C:\WINDOWS;C:\WINDOWS\System32\Wbem;C:\WINDOWS\System32\WindowsPowerShell\v1.0;C:\WINDOWS\System32\OpenSSH;C:\Program Files\nodejs;C:\Program Files\Git\cmd;C:\Users\SiMue\AppData\Local\Microsoft\WindowsApps;C:\Users\SiMue\AppData\Local\Programs\Microsoft VS Code\bin;C:\Users\SiMue\AppData\Roaming\npm
USERNAME=SiMue
DISPLAY=:0.0
LC_ALL=en_US.UTF-8
TERM=xterm-256color
TMPDIR=C:\Users\SiMue\AppData\Local\Temp
OS=Windows_NT
PROCESSOR_IDENTIFIER=Intel64 Family 6 Model 142 Stepping 9, GenuineIntel
TMP=C:\Users\SiMue\AppData\Local\Temp
TEMP=C:\Users\SiMue\AppData\Local\Temp



---------------  S Y S T E M  ---------------

OS:
 Windows 11 , 64 bit Build 22621 (10.0.22621.1344)
OS uptime: 0 days 13:47 hours

CPU: total 4 (initial active 4) (2 cores per cpu, 2 threads per core) family 6 model 142 stepping 9 microcode 0xf0, cx8, cmov, fxsr, ht, mmx, 3dnowpref, sse, sse2, sse3, ssse3, sse4.1, sse4.2, popcnt, lzcnt, tsc, tscinvbit, aes, erms, clmul, clflush, clflushopt

Memory: 4k page, system-wide physical 3965M (252M free)
TotalPageFile size 8661M (AvailPageFile size 16M)
current process WorkingSet (physical memory assigned to process): 10M, peak: 10M
current process commit charge ("private bytes"): 51M, peak: 113M

vm_info: OpenJDK 64-Bit Server VM (17.0.6+10-b829.5) for windows-amd64 JRE (17.0.6+10-b829.5), built on 2023-02-24 by "builduser" with MS VC++ 16.10 / 16.11 (VS2019)

END.
